This file contains any messages produced by compilers while
running configure, to aid debugging if configure makes a mistake.

It was created by OpenJDK configure openjdk, which was
generated by GNU Autoconf 2.69.  Invocation command line was

  $ /home/elect/IdeaProjects/panama-foreign/configure --enable-option-checking=fatal --with-boot-jdk=/home/elect/.jdks/openjdk-16.0.1 --with-libclang=/home/elect/Documents/clang+llvm-9.0.0-x86_64-pc-linux-gnu

## --------- ##
## Platform. ##
## --------- ##

hostname = 5800x
uname -m = x86_64
uname -r = 5.11.0-18-generic
uname -s = Linux
uname -v = #19-Ubuntu SMP Fri May 7 14:22:03 UTC 2021

/usr/bin/uname -p = x86_64
/bin/uname -X     = unknown

/bin/arch              = x86_64
/usr/bin/arch -k       = unknown
/usr/convex/getsysinfo = unknown
/usr/bin/hostinfo      = unknown
/bin/machine           = unknown
/usr/bin/oslevel       = unknown
/bin/universe          = unknown

PATH: /home/elect/miniconda3/condabin
PATH: /home/elect/.local/bin
PATH: /usr/local/sbin
PATH: /usr/local/bin
PATH: /usr/sbin
PATH: /usr/bin
PATH: /sbin
PATH: /bin
PATH: /usr/games
PATH: /usr/local/games
PATH: /snap/bin
PATH: /snap/bin


## ----------- ##
## Core tests. ##
## ----------- ##

configure:6162: Configuration created at Sun Jun 13 10:24:21 CEST 2021.
configure:6171: checking for basename
configure:6189: found /usr/bin/basename
configure:6201: result: /usr/bin/basename
configure:6221: checking for dirname
configure:6239: found /usr/bin/dirname
configure:6251: result: /usr/bin/dirname
configure:6271: checking for file
configure:6289: found /usr/bin/file
configure:6301: result: /usr/bin/file
configure:6321: checking for ldd
configure:6339: found /usr/bin/ldd
configure:6351: result: /usr/bin/ldd
configure:6646: checking for bash
configure:6874: result: /usr/bin/bash
configure:7014: checking for cat
configure:7242: result: /usr/bin/cat
configure:7647: checking for chmod
configure:7875: result: /usr/bin/chmod
configure:8280: checking for cp
configure:8508: result: /usr/bin/cp
configure:8913: checking for cut
configure:9141: result: /usr/bin/cut
configure:9546: checking for date
configure:9774: result: /usr/bin/date
configure:10179: checking for gdiff
configure:10414: result: [not found]
configure:10179: checking for diff
configure:10407: result: /usr/bin/diff
configure:10812: checking for echo
configure:10820: result: echo [builtin]
configure:11445: checking for expr
configure:11673: result: /usr/bin/expr
configure:12078: checking for find
configure:12306: result: /usr/bin/find
configure:12711: checking for gunzip
configure:12939: result: /usr/bin/gunzip
configure:13344: checking for pigz
configure:13579: result: [not found]
configure:13344: checking for gzip
configure:13572: result: /usr/bin/gzip
configure:13977: checking for head
configure:14205: result: /usr/bin/head
configure:14610: checking for ln
configure:14838: result: /usr/bin/ln
configure:15243: checking for ls
configure:15471: result: /usr/bin/ls
configure:15877: checking for gmkdir
configure:16112: result: [not found]
configure:15877: checking for mkdir
configure:16105: result: /usr/bin/mkdir
configure:16510: checking for mktemp
configure:16738: result: /usr/bin/mktemp
configure:17143: checking for mv
configure:17371: result: /usr/bin/mv
configure:17776: checking for gawk
configure:18011: result: [not found]
configure:17776: checking for nawk
configure:18004: result: /usr/bin/nawk
configure:18409: checking for printf
configure:18417: result: printf [builtin]
configure:19042: checking for rm
configure:19270: result: /usr/bin/rm
configure:19675: checking for rmdir
configure:19903: result: /usr/bin/rmdir
configure:20308: checking for sh
configure:20536: result: /usr/bin/sh
configure:20941: checking for sort
configure:21169: result: /usr/bin/sort
configure:21574: checking for tail
configure:21802: result: /usr/bin/tail
configure:22207: checking for gtar
configure:22442: result: [not found]
configure:22207: checking for tar
configure:22435: result: /usr/bin/tar
configure:22840: checking for tee
configure:23068: result: /usr/bin/tee
configure:23473: checking for touch
configure:23701: result: /usr/bin/touch
configure:24106: checking for tr
configure:24334: result: /usr/bin/tr
configure:24739: checking for uname
configure:24967: result: /usr/bin/uname
configure:25372: checking for wc
configure:25600: result: /usr/bin/wc
configure:26005: checking for xargs
configure:26233: result: /usr/bin/xargs
configure:26630: checking for grep that handles long lines and -e
configure:26688: result: /usr/bin/grep
configure:26885: checking for egrep
configure:26947: result: /usr/bin/grep -E
configure:27148: checking for fgrep
configure:27210: result: /usr/bin/grep -F
configure:27411: checking for a sed that does not truncate output
configure:27475: result: /usr/bin/sed
configure:27689: checking for df
configure:27917: result: /usr/bin/df
configure:28315: checking for nice
configure:28543: result: /usr/bin/nice
configure:28941: checking for greadlink
configure:29176: result: [not found]
configure:28941: checking for readlink
configure:29169: result: /usr/bin/readlink
configure:29569: checking for cygpath
configure:29804: result: [not found]
configure:29569: checking for wslpath
configure:29804: result: [not found]
configure:30195: checking for lsb_release
configure:30423: result: /usr/bin/lsb_release
configure:30821: checking for cmd.exe
configure:31056: result: [not found]
configure:31449: checking for cmp
configure:31677: result: /usr/bin/cmp
configure:32075: checking for uniq
configure:32303: result: /usr/bin/uniq
configure:32696: checking build system type
configure:32710: result: x86_64-unknown-linux-gnu
configure:32730: checking host system type
configure:32743: result: x86_64-unknown-linux-gnu
configure:32763: checking target system type
configure:32776: result: x86_64-unknown-linux-gnu
configure:33075: checking openjdk-build os-cpu
configure:33077: result: linux-x86_64
configure:33081: checking openjdk-build C library
configure:33083: result: gnu
configure:33343: checking openjdk-target os-cpu
configure:33345: result: linux-x86_64
configure:33349: checking openjdk-target C library
configure:33351: result: gnu
configure:33402: checking compilation type
configure:33404: result: native
configure:34089: checking for top-level directory
configure:34091: result: /home/elect/IdeaProjects/panama-foreign
configure:34430: checking if custom source is suppressed (openjdk-only)
configure:34468: result: disabled, default
configure:34709: checking for --enable-debug
configure:34747: result: disabled, default
configure:34794: checking which debug level to use
configure:34807: result: release
configure:34865: checking which variants of the JVM to build
configure:34870: result: server
configure:34949: checking if absolute paths should be allowed in the build output
configure:34960: result: no, release build
configure:35951: checking for sysroot
configure:35953: result: 
configure:35955: checking for toolchain path
configure:35957: result: 
configure:35960: checking for extra path
configure:35962: result: 
configure:35978: checking where to store configuration
configure:35987: result: in default location
configure:36047: checking what configuration name to use
configure:36049: result: linux-x86_64-server-release
configure:36181: checking for zypper
configure:36416: result: [not found]
configure:36181: checking for apt-get
configure:36409: result: /usr/bin/apt-get
configure:36811: checking for pandoc
configure:37046: result: [not found]
configure:37470: checking for gmake
configure:37698: result: /usr/bin/gmake
configure:38094: Testing potential make at /usr/bin/gmake, found using gmake in PATH
configure:44865: Using GNU make at /usr/bin/gmake (version: GNU Make 4.3)
configure:44870: checking if make --output-sync is supported
configure:44874: result: yes
configure:44876: checking for output-sync value
configure:44887: result: none
configure:44904: checking if find supports -delete
configure:44925: result: yes
configure:44942: checking what type of tar was found
configure:44944: result: gnu
configure:44966: checking that grep (/usr/bin/grep) -Fx handles empty lines in the pattern list correctly
configure:44977: result: yes
configure:45007: checking for unzip
configure:45235: result: /usr/bin/unzip
configure:45642: checking for zip
configure:45870: result: /usr/bin/zip
configure:46277: checking for greadelf
configure:46512: result: [not found]
configure:46277: checking for readelf
configure:46505: result: /usr/bin/readelf
configure:46903: checking for dot
configure:47138: result: [not found]
configure:47529: checking for hg
configure:47764: result: [not found]
configure:48155: checking for git
configure:48383: result: /usr/bin/git
configure:48781: checking for stat
configure:49009: result: /usr/bin/stat
configure:49407: checking for time
configure:49415: result: time [builtin]
configure:50033: checking for flock
configure:50261: result: /usr/bin/flock
configure:50661: checking for dtrace
configure:50896: result: [not found]
configure:51287: checking for gpatch
configure:51522: result: [not found]
configure:51287: checking for patch
configure:51515: result: /usr/bin/patch
configure:55130: checking for ulimit
configure:55138: result: ulimit [builtin]
configure:55752: checking bash version
configure:55754: result: 5.1.4
configure:55764: checking if bash supports pipefail
configure:55768: result: yes
configure:55775: checking if bash supports errexit (-e)
configure:55779: result: yes
configure:55839: checking for pkg-config
configure:55857: found /usr/bin/pkg-config
configure:55869: result: /usr/bin/pkg-config
configure:55894: checking pkg-config is at least version 0.9.0
configure:55897: result: yes
configure:55948: checking for default LOG value
configure:55957: result: 
configure:56159: checking if packaged modules are kept
configure:56191: result: enabled, default
configure:56974: checking for version string
configure:56976: result: 17-internal+0-adhoc.elect.panama-foreign
configure:57063: Found potential Boot JDK using configure arguments
configure:57376: checking for Boot JDK
configure:57378: result: /home/elect/.jdks/openjdk-16.0.1
configure:57380: checking Boot JDK version
configure:57385: result: openjdk version "16.0.1" 2021-04-20 OpenJDK Runtime Environment (build 16.0.1+9-24) OpenJDK 64-Bit Server VM (build 16.0.1+9-24, mixed mode, sharing)
configure:66519: checking for java [Boot JDK]
configure:66529: result: $BOOT_JDK/bin/java
configure:67065: checking for javac [Boot JDK]
configure:67075: result: $BOOT_JDK/bin/javac
configure:67611: checking for javadoc [Boot JDK]
configure:67621: result: $BOOT_JDK/bin/javadoc
configure:68157: checking for jar [Boot JDK]
configure:68167: result: $BOOT_JDK/bin/jar
configure:68710: checking if Boot JDK is 32 or 64 bits
configure:68712: result: 64
configure:68716: checking for local Boot JDK Class Data Sharing (CDS)
Check if jvm arg is ok: -XX:+UnlockDiagnosticVMOptions -XX:-VerifySharedSpaces -XX:SharedArchiveFile=/home/elect/IdeaProjects/panama-foreign/build/linux-x86_64-server-release/configure-support/classes.jsa
Command: /home/elect/.jdks/openjdk-16.0.1/bin/java -XX:+UnlockDiagnosticVMOptions -XX:-VerifySharedSpaces -XX:SharedArchiveFile=/home/elect/IdeaProjects/panama-foreign/build/linux-x86_64-server-release/configure-support/classes.jsa -version
configure:68740: result: yes, created
configure:68900: checking for Build JDK
configure:68902: result: yes, will use output dir
configure:68944: checking for docs-reference JDK
configure:69147: result: no, using interim javadoc for the docs-reference targets
configure:69353: checking if we should build headless-only (no GUI)
configure:69391: result: disabled, default
configure:69641: checking if linker should clean out unused code (linktime-gc)
configure:69679: result: disabled, default
configure:69729: checking for graphviz dot
configure:69735: result: no, cannot generate full docs
configure:69740: checking for pandoc
configure:69746: result: no, cannot generate full docs
configure:69947: checking for --enable-full-docs
configure:69985: result: disabled, from default 'auto'
configure:70040: checking for cacerts file
configure:70043: result: default
configure:70241: checking for --enable-unlimited-crypto
configure:70273: result: enabled, default
configure:70368: checking for jni library path
configure:70371: result: default
configure: 70728:  checking if static build is available
configure: 70734:  result:  no
configure:70741: checking if static build is enabled
configure:70779: result: disabled, default
configure:70985: Using default toolchain gcc (GNU Compiler Collection)
configure:73390: checking for gcc
configure:73618: result: /usr/bin/gcc
configure:74676: checking resolved symbolic links for CC
configure:74727: result: /usr/bin/x86_64-linux-gnu-gcc-10
configure:74836: Using gcc C compiler version 10.3.0 [gcc (Ubuntu 10.3.0-1ubuntu1) 10.3.0]
configure:74953: checking for C compiler version
configure:74962: /usr/bin/gcc --version >&5
gcc (Ubuntu 10.3.0-1ubuntu1) 10.3.0
Copyright (C) 2020 Free Software Foundation, Inc.
This is free software; see the source for copying conditions.  There is NO
warranty; not even for MERCHANTABILITY or FITNESS FOR A PARTICULAR PURPOSE.

configure:74973: $? = 0
configure:74962: /usr/bin/gcc -v >&5
Using built-in specs.
COLLECT_GCC=/usr/bin/gcc
COLLECT_LTO_WRAPPER=/usr/lib/gcc/x86_64-linux-gnu/10/lto-wrapper
OFFLOAD_TARGET_NAMES=nvptx-none:amdgcn-amdhsa:hsa
OFFLOAD_TARGET_DEFAULT=1
Target: x86_64-linux-gnu
Configured with: ../src/configure -v --with-pkgversion='Ubuntu 10.3.0-1ubuntu1' --with-bugurl=file:///usr/share/doc/gcc-10/README.Bugs --enable-languages=c,ada,c++,go,brig,d,fortran,objc,obj-c++,m2 --prefix=/usr --with-gcc-major-version-only --program-suffix=-10 --program-prefix=x86_64-linux-gnu- --enable-shared --enable-linker-build-id --libexecdir=/usr/lib --without-included-gettext --enable-threads=posix --libdir=/usr/lib --enable-nls --enable-bootstrap --enable-clocale=gnu --enable-libstdcxx-debug --enable-libstdcxx-time=yes --with-default-libstdcxx-abi=new --enable-gnu-unique-object --disable-vtable-verify --enable-plugin --enable-default-pie --with-system-zlib --enable-libphobos-checking=release --with-target-system-zlib=auto --enable-objc-gc=auto --enable-multiarch --disable-werror --with-arch-32=i686 --with-abi=m64 --with-multilib-list=m32,m64,mx32 --enable-multilib --with-tune=generic --enable-offload-targets=nvptx-none=/build/gcc-10-gDeRY6/gcc-10-10.3.0/debian/tmp-nvptx/usr,amdgcn-amdhsa=/build/gcc-10-gDeRY6/gcc-10-10.3.0/debian/tmp-gcn/usr,hsa --without-cuda-driver --enable-checking=release --build=x86_64-linux-gnu --host=x86_64-linux-gnu --target=x86_64-linux-gnu --with-build-config=bootstrap-lto-lean --enable-link-mutex
Thread model: posix
Supported LTO compression algorithms: zlib zstd
gcc version 10.3.0 (Ubuntu 10.3.0-1ubuntu1) 
... rest of stderr output deleted ...
configure:74973: $? = 0
configure:74962: /usr/bin/gcc -V >&5
gcc: error: unrecognized command-line option '-V'
gcc: fatal error: no input files
compilation terminated.
configure:74973: $? = 1
configure:74962: /usr/bin/gcc -qversion >&5
gcc: error: unrecognized command-line option '-qversion'; did you mean '--version'?
gcc: fatal error: no input files
compilation terminated.
configure:74973: $? = 1
configure:74993: checking whether the C compiler works
configure:75015: /usr/bin/gcc -m64    -m64   conftest.c  >&5
configure:75019: $? = 0
configure:75067: result: yes
configure:75070: checking for C compiler default output file name
configure:75072: result: a.out
configure:75078: checking for suffix of executables
configure:75085: /usr/bin/gcc -o conftest -m64    -m64   conftest.c  >&5
configure:75089: $? = 0
configure:75111: result: 
configure:75133: checking whether we are cross compiling
configure:75141: /usr/bin/gcc -o conftest -m64    -m64   conftest.c  >&5
configure:75145: $? = 0
configure:75152: ./conftest
configure:75156: $? = 0
configure:75171: result: no
configure:75176: checking for suffix of object files
configure:75198: /usr/bin/gcc -c -m64    conftest.c >&5
configure:75202: $? = 0
configure:75223: result: o
configure:75227: checking whether we are using the GNU C compiler
configure:75246: /usr/bin/gcc -c -m64    conftest.c >&5
configure:75246: $? = 0
configure:75255: result: yes
configure:75264: checking whether /usr/bin/gcc accepts -g
configure:75284: /usr/bin/gcc -c -g  conftest.c >&5
configure:75284: $? = 0
configure:75325: result: yes
configure:75342: checking for /usr/bin/gcc option to accept ISO C89
configure:75405: /usr/bin/gcc  -c -m64    conftest.c >&5
configure:75405: $? = 0
configure:75418: result: none needed
configure:76115: checking for g++
configure:76343: result: /usr/bin/g++
configure:77401: checking resolved symbolic links for CXX
configure:77452: result: /usr/bin/x86_64-linux-gnu-g++-10
configure:77561: Using gcc C++ compiler version 10.3.0 [g++ (Ubuntu 10.3.0-1ubuntu1) 10.3.0]
configure:77678: checking for C++ compiler version
configure:77687: /usr/bin/g++ --version >&5
g++ (Ubuntu 10.3.0-1ubuntu1) 10.3.0
Copyright (C) 2020 Free Software Foundation, Inc.
This is free software; see the source for copying conditions.  There is NO
warranty; not even for MERCHANTABILITY or FITNESS FOR A PARTICULAR PURPOSE.

configure:77698: $? = 0
configure:77687: /usr/bin/g++ -v >&5
Using built-in specs.
COLLECT_GCC=/usr/bin/g++
COLLECT_LTO_WRAPPER=/usr/lib/gcc/x86_64-linux-gnu/10/lto-wrapper
OFFLOAD_TARGET_NAMES=nvptx-none:amdgcn-amdhsa:hsa
OFFLOAD_TARGET_DEFAULT=1
Target: x86_64-linux-gnu
Configured with: ../src/configure -v --with-pkgversion='Ubuntu 10.3.0-1ubuntu1' --with-bugurl=file:///usr/share/doc/gcc-10/README.Bugs --enable-languages=c,ada,c++,go,brig,d,fortran,objc,obj-c++,m2 --prefix=/usr --with-gcc-major-version-only --program-suffix=-10 --program-prefix=x86_64-linux-gnu- --enable-shared --enable-linker-build-id --libexecdir=/usr/lib --without-included-gettext --enable-threads=posix --libdir=/usr/lib --enable-nls --enable-bootstrap --enable-clocale=gnu --enable-libstdcxx-debug --enable-libstdcxx-time=yes --with-default-libstdcxx-abi=new --enable-gnu-unique-object --disable-vtable-verify --enable-plugin --enable-default-pie --with-system-zlib --enable-libphobos-checking=release --with-target-system-zlib=auto --enable-objc-gc=auto --enable-multiarch --disable-werror --with-arch-32=i686 --with-abi=m64 --with-multilib-list=m32,m64,mx32 --enable-multilib --with-tune=generic --enable-offload-targets=nvptx-none=/build/gcc-10-gDeRY6/gcc-10-10.3.0/debian/tmp-nvptx/usr,amdgcn-amdhsa=/build/gcc-10-gDeRY6/gcc-10-10.3.0/debian/tmp-gcn/usr,hsa --without-cuda-driver --enable-checking=release --build=x86_64-linux-gnu --host=x86_64-linux-gnu --target=x86_64-linux-gnu --with-build-config=bootstrap-lto-lean --enable-link-mutex
Thread model: posix
Supported LTO compression algorithms: zlib zstd
gcc version 10.3.0 (Ubuntu 10.3.0-1ubuntu1) 
... rest of stderr output deleted ...
configure:77698: $? = 0
configure:77687: /usr/bin/g++ -V >&5
g++: error: unrecognized command-line option '-V'
g++: fatal error: no input files
compilation terminated.
configure:77698: $? = 1
configure:77687: /usr/bin/g++ -qversion >&5
g++: error: unrecognized command-line option '-qversion'; did you mean '--version'?
g++: fatal error: no input files
compilation terminated.
configure:77698: $? = 1
configure:77702: checking whether we are using the GNU C++ compiler
configure:77721: /usr/bin/g++ -c -m64    conftest.cpp >&5
configure:77721: $? = 0
configure:77730: result: yes
configure:77739: checking whether /usr/bin/g++ accepts -g
configure:77759: /usr/bin/g++ -c -g  conftest.cpp >&5
configure:77759: $? = 0
configure:77800: result: yes
configure:77951: checking how to run the C preprocessor
configure:77982: /usr/bin/gcc -E  conftest.c
configure:77982: $? = 0
configure:77996: /usr/bin/gcc -E  conftest.c
conftest.c:9:10: fatal error: ac_nonexistent.h: No such file or directory
    9 | #include <ac_nonexistent.h>
      |          ^~~~~~~~~~~~~~~~~~
compilation terminated.
configure:77996: $? = 1
configure: failed program was:
| /* confdefs.h */
| #define PACKAGE_NAME "OpenJDK"
| #define PACKAGE_TARNAME "openjdk"
| #define PACKAGE_VERSION "openjdk"
| #define PACKAGE_STRING "OpenJDK openjdk"
| #define PACKAGE_BUGREPORT "build-dev@openjdk.java.net"
| #define PACKAGE_URL "http://openjdk.java.net"
| /* end confdefs.h.  */
| #include <ac_nonexistent.h>
configure:78021: result: /usr/bin/gcc -E
configure:78041: /usr/bin/gcc -E  conftest.c
configure:78041: $? = 0
configure:78055: /usr/bin/gcc -E  conftest.c
conftest.c:9:10: fatal error: ac_nonexistent.h: No such file or directory
    9 | #include <ac_nonexistent.h>
      |          ^~~~~~~~~~~~~~~~~~
compilation terminated.
configure:78055: $? = 1
configure: failed program was:
| /* confdefs.h */
| #define PACKAGE_NAME "OpenJDK"
| #define PACKAGE_TARNAME "openjdk"
| #define PACKAGE_VERSION "openjdk"
| #define PACKAGE_STRING "OpenJDK openjdk"
| #define PACKAGE_BUGREPORT "build-dev@openjdk.java.net"
| #define PACKAGE_URL "http://openjdk.java.net"
| /* end confdefs.h.  */
| #include <ac_nonexistent.h>
configure:78280: checking how to run the C++ preprocessor
configure:78307: /usr/bin/g++ -E  conftest.cpp
configure:78307: $? = 0
configure:78321: /usr/bin/g++ -E  conftest.cpp
conftest.cpp:9:10: fatal error: ac_nonexistent.h: No such file or directory
    9 | #include <ac_nonexistent.h>
      |          ^~~~~~~~~~~~~~~~~~
compilation terminated.
configure:78321: $? = 1
configure: failed program was:
| /* confdefs.h */
| #define PACKAGE_NAME "OpenJDK"
| #define PACKAGE_TARNAME "openjdk"
| #define PACKAGE_VERSION "openjdk"
| #define PACKAGE_STRING "OpenJDK openjdk"
| #define PACKAGE_BUGREPORT "build-dev@openjdk.java.net"
| #define PACKAGE_URL "http://openjdk.java.net"
| /* end confdefs.h.  */
| #include <ac_nonexistent.h>
configure:78346: result: /usr/bin/g++ -E
configure:78366: /usr/bin/g++ -E  conftest.cpp
configure:78366: $? = 0
configure:78380: /usr/bin/g++ -E  conftest.cpp
conftest.cpp:9:10: fatal error: ac_nonexistent.h: No such file or directory
    9 | #include <ac_nonexistent.h>
      |          ^~~~~~~~~~~~~~~~~~
compilation terminated.
configure:78380: $? = 1
configure: failed program was:
| /* confdefs.h */
| #define PACKAGE_NAME "OpenJDK"
| #define PACKAGE_TARNAME "openjdk"
| #define PACKAGE_VERSION "openjdk"
| #define PACKAGE_STRING "OpenJDK openjdk"
| #define PACKAGE_BUGREPORT "build-dev@openjdk.java.net"
| #define PACKAGE_URL "http://openjdk.java.net"
| /* end confdefs.h.  */
| #include <ac_nonexistent.h>
configure:79945: Using gcc linker version 2.36.1 [GNU ld (GNU Binutils for Ubuntu) 2.36.1]
configure:83867: checking for ar
configure:84095: result: /usr/bin/ar
configure:94608: checking for strip
configure:94836: result: /usr/bin/strip
configure:95867: checking for nm
configure:96095: result: /usr/bin/nm
configure:98392: checking for gobjcopy
configure:98627: result: [not found]
configure:98392: checking for objcopy
configure:98620: result: /usr/bin/objcopy
configure:99652: checking for gobjdump
configure:99887: result: [not found]
configure:99652: checking for objdump
configure:99880: result: /usr/bin/objdump
configure:100914: checking for c++filt
configure:101142: result: /usr/bin/c++filt
configure:113159: checking for jtreg
configure:113394: result: [not found]
configure:113783: checking for jtreg test harness
configure:113789: result: no, not found
configure:113868: checking for jmh (Java Microbenchmark Harness)
configure:113871: result: no, disabled
configure:113995: checking for jib
configure:113997: result: no
configure:114039: checking if @file is supported by gcc
g++ (Ubuntu 10.3.0-1ubuntu1) 10.3.0
Copyright (C) 2020 Free Software Foundation, Inc.
This is free software; see the source for copying conditions.  There is NO
warranty; not even for MERCHANTABILITY or FITNESS FOR A PARTICULAR PURPOSE.

configure:114044: result: yes
configure:114186: checking if CC supports "-m64"
configure:114204: /usr/bin/gcc -c -m64    -m64  conftest.c >&5
configure:114204: $? = 0
configure:114219: result: yes
configure:114307: checking if CXX supports "-m64"
configure:114325: /usr/bin/g++ -c   -m64  conftest.cpp >&5
configure:114325: $? = 0
configure:114340: result: yes
configure:114364: checking if both CC and CXX support "-m64"
configure:114371: result: yes
configure:116007: checking for ANSI C header files
configure:116027: /usr/bin/gcc -c -m64    conftest.c >&5
configure:116027: $? = 0
configure:116100: /usr/bin/gcc -o conftest -m64    -m64   conftest.c  >&5
configure:116100: $? = 0
configure:116100: ./conftest
configure:116100: $? = 0
configure:116111: result: yes
configure:116124: checking for sys/types.h
configure:116124: /usr/bin/gcc -c -m64    conftest.c >&5
configure:116124: $? = 0
configure:116124: result: yes
configure:116124: checking for sys/stat.h
configure:116124: /usr/bin/gcc -c -m64    conftest.c >&5
configure:116124: $? = 0
configure:116124: result: yes
configure:116124: checking for stdlib.h
configure:116124: /usr/bin/gcc -c -m64    conftest.c >&5
configure:116124: $? = 0
configure:116124: result: yes
configure:116124: checking for string.h
configure:116124: /usr/bin/gcc -c -m64    conftest.c >&5
configure:116124: $? = 0
configure:116124: result: yes
configure:116124: checking for memory.h
configure:116124: /usr/bin/gcc -c -m64    conftest.c >&5
configure:116124: $? = 0
configure:116124: result: yes
configure:116124: checking for strings.h
configure:116124: /usr/bin/gcc -c -m64    conftest.c >&5
configure:116124: $? = 0
configure:116124: result: yes
configure:116124: checking for inttypes.h
configure:116124: /usr/bin/gcc -c -m64    conftest.c >&5
configure:116124: $? = 0
configure:116124: result: yes
configure:116124: checking for stdint.h
configure:116124: /usr/bin/gcc -c -m64    conftest.c >&5
configure:116124: $? = 0
configure:116124: result: yes
configure:116124: checking for unistd.h
configure:116124: /usr/bin/gcc -c -m64    conftest.c >&5
configure:116124: $? = 0
configure:116124: result: yes
configure:116147: checking stdio.h usability
configure:116147: /usr/bin/gcc -c -m64    conftest.c >&5
configure:116147: $? = 0
configure:116147: result: yes
configure:116147: checking stdio.h presence
configure:116147: /usr/bin/gcc -E  conftest.c
configure:116147: $? = 0
configure:116147: result: yes
configure:116147: checking for stdio.h
configure:116147: result: yes
configure:116211: checking size of int *
configure:116216: /usr/bin/gcc -o conftest -m64    -m64   conftest.c  >&5
configure:116216: $? = 0
configure:116216: ./conftest
configure:116216: $? = 0
configure:116230: result: 8
configure:116299: checking for target address size
configure:116301: result: 64 bits
configure:116309: checking whether byte ordering is bigendian
configure:116324: /usr/bin/gcc -c -m64    conftest.c >&5
conftest.c:22:9: error: unknown type name 'not'
   22 |         not a universal capable compiler
      |         ^~~
conftest.c:22:15: error: expected '=', ',', ';', 'asm' or '__attribute__' before 'universal'
   22 |         not a universal capable compiler
      |               ^~~~~~~~~
conftest.c:22:15: error: unknown type name 'universal'
configure:116324: $? = 1
configure: failed program was:
| /* confdefs.h */
| #define PACKAGE_NAME "OpenJDK"
| #define PACKAGE_TARNAME "openjdk"
| #define PACKAGE_VERSION "openjdk"
| #define PACKAGE_STRING "OpenJDK openjdk"
| #define PACKAGE_BUGREPORT "build-dev@openjdk.java.net"
| #define PACKAGE_URL "http://openjdk.java.net"
| #define STDC_HEADERS 1
| #define HAVE_SYS_TYPES_H 1
| #define HAVE_SYS_STAT_H 1
| #define HAVE_STDLIB_H 1
| #define HAVE_STRING_H 1
| #define HAVE_MEMORY_H 1
| #define HAVE_STRINGS_H 1
| #define HAVE_INTTYPES_H 1
| #define HAVE_STDINT_H 1
| #define HAVE_UNISTD_H 1
| #define HAVE_STDIO_H 1
| #define SIZEOF_INT_P 8
| /* end confdefs.h.  */
| #ifndef __APPLE_CC__
| 	       not a universal capable compiler
| 	     #endif
| 	     typedef int dummy;
| 
configure:116369: /usr/bin/gcc -c -m64    conftest.c >&5
configure:116369: $? = 0
configure:116387: /usr/bin/gcc -c -m64    conftest.c >&5
conftest.c: In function 'main':
conftest.c:28:4: error: unknown type name 'not'; did you mean 'ino_t'?
   28 |    not big endian
      |    ^~~
      |    ino_t
conftest.c:28:12: error: expected '=', ',', ';', 'asm' or '__attribute__' before 'endian'
   28 |    not big endian
      |            ^~~~~~
configure:116387: $? = 1
configure: failed program was:
| /* confdefs.h */
| #define PACKAGE_NAME "OpenJDK"
| #define PACKAGE_TARNAME "openjdk"
| #define PACKAGE_VERSION "openjdk"
| #define PACKAGE_STRING "OpenJDK openjdk"
| #define PACKAGE_BUGREPORT "build-dev@openjdk.java.net"
| #define PACKAGE_URL "http://openjdk.java.net"
| #define STDC_HEADERS 1
| #define HAVE_SYS_TYPES_H 1
| #define HAVE_SYS_STAT_H 1
| #define HAVE_STDLIB_H 1
| #define HAVE_STRING_H 1
| #define HAVE_MEMORY_H 1
| #define HAVE_STRINGS_H 1
| #define HAVE_INTTYPES_H 1
| #define HAVE_STDINT_H 1
| #define HAVE_UNISTD_H 1
| #define HAVE_STDIO_H 1
| #define SIZEOF_INT_P 8
| /* end confdefs.h.  */
| #include <sys/types.h>
| 		#include <sys/param.h>
| 
| int
| main ()
| {
| #if BYTE_ORDER != BIG_ENDIAN
| 		 not big endian
| 		#endif
| 
|   ;
|   return 0;
| }
configure:116515: result: no
configure:116549: checking what source date to use
configure:116557: result: determined at build time, from 'updated'
configure:116816: checking for --enable-reproducible-build
configure:116854: result: disabled, default
configure:117341: checking for --enable-warnings-as-errors
configure:117373: result: enabled, default
configure:117981: checking if CC supports "-Xassembler -mrelax-relocations=no"
configure:117999: /usr/bin/gcc -c -m64   -Werror -Xassembler -mrelax-relocations=no  conftest.c >&5
configure:117999: $? = 0
configure:118014: result: yes
configure:118102: checking if CXX supports "-Xassembler -mrelax-relocations=no"
configure:118120: /usr/bin/g++ -c  -Werror -Xassembler -mrelax-relocations=no  conftest.cpp >&5
configure:118120: $? = 0
configure:118135: result: yes
configure:118159: checking if both CC and CXX support "-Xassembler -mrelax-relocations=no"
configure:118166: result: yes
configure:118230: checking if TARGET is x86
configure:118249: result: no
configure:118439: checking if CC supports "-fno-delete-null-pointer-checks"
configure:118457: /usr/bin/gcc -c -m64   -Werror -fno-delete-null-pointer-checks  conftest.c >&5
configure:118457: $? = 0
configure:118472: result: yes
configure:118560: checking if CXX supports "-fno-delete-null-pointer-checks"
configure:118578: /usr/bin/g++ -c  -Werror -fno-delete-null-pointer-checks  conftest.cpp >&5
configure:118578: $? = 0
configure:118593: result: yes
configure:118617: checking if both CC and CXX support "-fno-delete-null-pointer-checks"
configure:118624: result: yes
configure:118764: checking if CC supports "-fno-lifetime-dse"
configure:118782: /usr/bin/gcc -c -m64   -Werror -fno-lifetime-dse  conftest.c >&5
configure:118782: $? = 0
configure:118797: result: yes
configure:118885: checking if CXX supports "-fno-lifetime-dse"
configure:118903: /usr/bin/g++ -c  -Werror -fno-lifetime-dse  conftest.cpp >&5
configure:118903: $? = 0
configure:118918: result: yes
configure:118942: checking if both CC and CXX support "-fno-lifetime-dse"
configure:118949: result: yes
configure:119766: checking if CC supports "-fmacro-prefix-map=/home/elect/IdeaProjects/panama-foreign/="
configure:119784: /usr/bin/gcc -c -m64   -Werror -fmacro-prefix-map=/home/elect/IdeaProjects/panama-foreign/=  conftest.c >&5
configure:119784: $? = 0
configure:119799: result: yes
configure:119887: checking if CXX supports "-fmacro-prefix-map=/home/elect/IdeaProjects/panama-foreign/="
configure:119905: /usr/bin/g++ -c  -Werror -fmacro-prefix-map=/home/elect/IdeaProjects/panama-foreign/=  conftest.cpp >&5
configure:119905: $? = 0
configure:119920: result: yes
configure:119944: checking if both CC and CXX support "-fmacro-prefix-map=/home/elect/IdeaProjects/panama-foreign/="
configure:119951: result: yes
configure:120304: checking how to prevent absolute paths in output
configure:120307: result: using compiler options
configure:120496: checking if CC supports "-ffp-contract=off"
configure:120514: /usr/bin/gcc -c -m64   -Werror -ffp-contract=off  conftest.c >&5
configure:120514: $? = 0
configure:120529: result: yes
configure:120617: checking if CXX supports "-ffp-contract=off"
configure:120635: /usr/bin/g++ -c  -Werror -ffp-contract=off  conftest.cpp >&5
configure:120635: $? = 0
configure:120650: result: yes
configure:120674: checking if both CC and CXX support "-ffp-contract=off"
configure:120681: result: yes
configure:120756: checking if BUILD is x86
configure:120775: result: no
configure:120965: checking if BUILD_CC supports "-fno-delete-null-pointer-checks"
configure:120983: /usr/bin/gcc -c  -Werror -fno-delete-null-pointer-checks  conftest.c >&5
configure:120983: $? = 0
configure:120998: result: yes
configure:121086: checking if BUILD_CXX supports "-fno-delete-null-pointer-checks"
configure:121104: /usr/bin/g++ -c  -Werror -fno-delete-null-pointer-checks  conftest.cpp >&5
configure:121104: $? = 0
configure:121119: result: yes
configure:121143: checking if both BUILD_CC and BUILD_CXX support "-fno-delete-null-pointer-checks"
configure:121150: result: yes
configure:121290: checking if BUILD_CC supports "-fno-lifetime-dse"
configure:121308: /usr/bin/gcc -c  -Werror -fno-lifetime-dse  conftest.c >&5
configure:121308: $? = 0
configure:121323: result: yes
configure:121411: checking if BUILD_CXX supports "-fno-lifetime-dse"
configure:121429: /usr/bin/g++ -c  -Werror -fno-lifetime-dse  conftest.cpp >&5
configure:121429: $? = 0
configure:121444: result: yes
configure:121468: checking if both BUILD_CC and BUILD_CXX support "-fno-lifetime-dse"
configure:121475: result: yes
configure:122292: checking if BUILD_CC supports "-fmacro-prefix-map=/home/elect/IdeaProjects/panama-foreign/="
configure:122310: /usr/bin/gcc -c  -Werror -fmacro-prefix-map=/home/elect/IdeaProjects/panama-foreign/=  conftest.c >&5
configure:122310: $? = 0
configure:122325: result: yes
configure:122413: checking if BUILD_CXX supports "-fmacro-prefix-map=/home/elect/IdeaProjects/panama-foreign/="
configure:122431: /usr/bin/g++ -c  -Werror -fmacro-prefix-map=/home/elect/IdeaProjects/panama-foreign/=  conftest.cpp >&5
configure:122431: $? = 0
configure:122446: result: yes
configure:122470: checking if both BUILD_CC and BUILD_CXX support "-fmacro-prefix-map=/home/elect/IdeaProjects/panama-foreign/="
configure:122477: result: yes
configure:122830: checking how to prevent absolute paths in output
configure:122833: result: using compiler options
configure:123022: checking if BUILD_CC supports "-ffp-contract=off"
configure:123040: /usr/bin/gcc -c  -Werror -ffp-contract=off  conftest.c >&5
configure:123040: $? = 0
configure:123055: result: yes
configure:123143: checking if BUILD_CXX supports "-ffp-contract=off"
configure:123161: /usr/bin/g++ -c  -Werror -ffp-contract=off  conftest.cpp >&5
configure:123161: $? = 0
configure:123176: result: yes
configure:123200: checking if both BUILD_CC and BUILD_CXX support "-ffp-contract=off"
configure:123207: result: yes
configure:123564: checking what type of native debug symbols to use
configure:123586: result: external
configure:123632: checking if we should add external native debug symbols to the shipped bundles
configure:123642: result: no
configure: 123857:  checking if native coverage is available
configure: 123861:  result:  yes
configure:123871: checking for --enable-native-coverage
configure:123909: result: disabled, default
configure: 124327:  checking if AddressSanitizer (asan) is available
configure: 124331:  result:  yes
configure:124341: checking for --enable-asan
configure:124379: result: disabled, default
configure:124520: checking if static link of stdc++ is possible
configure:124542: /usr/bin/g++ -o conftest -m64    -m64   conftest.cpp -static-libstdc++ -static-libgcc >&5
configure:124542: $? = 0
configure:124556: result: yes
configure:124565: checking how to link with libstdc++
configure:124577: result: static
configure:126210: checking for X
configure:126318: /usr/bin/gcc -E  conftest.c
configure:126318: $? = 0
configure:126349: /usr/bin/gcc -o conftest -m64    -m64   conftest.c -lX11  >&5
configure:126349: $? = 0
configure:126399: result: libraries , headers 
configure:126498: /usr/bin/gcc -o conftest -m64    -m64   conftest.c   -lX11 >&5
configure:126498: $? = 0
configure:126596: checking for gethostbyname
configure:126596: /usr/bin/gcc -o conftest -m64    -m64   conftest.c  >&5
configure:126596: $? = 0
configure:126596: result: yes
configure:126693: checking for connect
configure:126693: /usr/bin/gcc -o conftest -m64    -m64   conftest.c  >&5
configure:126693: $? = 0
configure:126693: result: yes
configure:126742: checking for remove
configure:126742: /usr/bin/gcc -o conftest -m64    -m64   conftest.c  >&5
configure:126742: $? = 0
configure:126742: result: yes
configure:126791: checking for shmat
configure:126791: /usr/bin/gcc -o conftest -m64    -m64   conftest.c  >&5
configure:126791: $? = 0
configure:126791: result: yes
configure:126849: checking for IceConnectionNumber in -lICE
configure:126874: /usr/bin/gcc -o conftest -m64    -m64   conftest.c -lICE   >&5
configure:126874: $? = 0
configure:126883: result: yes
configure:126961: checking for X11/extensions/shape.h
configure:126961: /usr/bin/gcc -c -m64      conftest.c >&5
configure:126961: $? = 0
configure:126961: result: yes
configure:126961: checking for X11/extensions/Xrender.h
configure:126961: /usr/bin/gcc -c -m64      conftest.c >&5
configure:126961: $? = 0
configure:126961: result: yes
configure:126961: checking for X11/extensions/XTest.h
configure:126961: /usr/bin/gcc -c -m64      conftest.c >&5
configure:126961: $? = 0
configure:126961: result: yes
configure:126961: checking for X11/Intrinsic.h
configure:126961: /usr/bin/gcc -c -m64      conftest.c >&5
configure:126961: $? = 0
configure:126961: result: yes
configure:126961: checking for X11/extensions/Xrandr.h
configure:126961: /usr/bin/gcc -c -m64      conftest.c >&5
configure:126961: $? = 0
configure:126961: result: yes
configure:127088: checking cups/cups.h usability
configure:127088: /usr/bin/gcc -c -m64    conftest.c >&5
configure:127088: $? = 0
configure:127088: result: yes
configure:127088: checking cups/cups.h presence
configure:127088: /usr/bin/gcc -E  conftest.c
configure:127088: $? = 0
configure:127088: result: yes
configure:127088: checking for cups/cups.h
configure:127088: result: yes
configure:127088: checking cups/ppd.h usability
configure:127088: /usr/bin/gcc -c -m64    conftest.c >&5
configure:127088: $? = 0
configure:127088: result: yes
configure:127088: checking cups/ppd.h presence
configure:127088: /usr/bin/gcc -E  conftest.c
configure:127088: $? = 0
configure:127088: result: yes
configure:127088: checking for cups/ppd.h
configure:127088: result: yes
configure:127202: checking fontconfig/fontconfig.h usability
configure:127202: /usr/bin/gcc -c -m64    conftest.c >&5
configure:127202: $? = 0
configure:127202: result: yes
configure:127202: checking fontconfig/fontconfig.h presence
configure:127202: /usr/bin/gcc -E  conftest.c
configure:127202: $? = 0
configure:127202: result: yes
configure:127202: checking for fontconfig/fontconfig.h
configure:127202: result: yes
configure:127399: checking for FREETYPE
configure:127406: $PKG_CONFIG --exists --print-errors "freetype2"
configure:127409: $? = 0
configure:127422: $PKG_CONFIG --exists --print-errors "freetype2"
configure:127425: $? = 0
configure:127460: result: yes
configure:127465: checking for freetype
configure:127467: result: yes (using pkg-config)
configure:127955: result: Using freetype: system
configure:128016: checking for ALSA
configure:128023: $PKG_CONFIG --exists --print-errors "alsa"
configure:128026: $? = 0
configure:128039: $PKG_CONFIG --exists --print-errors "alsa"
configure:128042: $? = 0
configure:128077: result: yes
configure:128333: checking for --enable-libffi-bundling
configure:128371: result: disabled, default
configure:128764: checking for which libjpeg to use
configure:128772: result: bundled
configure:128849: checking for which giflib to use
configure:128857: result: bundled
configure:128936: checking for PNG
configure:128943: $PKG_CONFIG --exists --print-errors "libpng"
configure:128946: $? = 0
configure:128959: $PKG_CONFIG --exists --print-errors "libpng"
configure:128962: $? = 0
configure:128997: result: yes
configure:129001: checking for which libpng to use
configure:129015: result: bundled
configure:129044: checking for compress in -lz
configure:129069: /usr/bin/gcc -o conftest -m64    -m64   conftest.c -lz   >&5
configure:129069: $? = 0
configure:129078: result: yes
configure:129087: checking for which zlib to use
configure:129113: result: system
configure:129119: checking for system zlib functionality
configure:129136: /usr/bin/gcc -c -m64    conftest.c >&5
configure:129136: $? = 0
configure:129137: result: ok
configure:129178: checking for which lcms to use
configure:129191: result: bundled
configure:129285: checking for which harfbuzz to use
configure:129298: result: bundled
configure:129431: checking for cos in -lm
configure:129456: /usr/bin/gcc -o conftest -m64    -m64   conftest.c -lm   >&5
conftest.c:36:6: warning: conflicting types for built-in function 'cos'; expected 'double(double)' [-Wbuiltin-declaration-mismatch]
   36 | char cos ();
      |      ^~~
conftest.c:1:1: note: 'cos' is declared in header '<math.h>'
    1 | /* confdefs.h */
configure:129456: $? = 0
configure:129465: result: yes
configure:129490: checking for dlopen in -ldl
configure:129515: /usr/bin/gcc -o conftest -m64    -m64   conftest.c -ldl   >&5
configure:129515: $? = 0
configure:129524: result: yes
configure:129684: checking if libclang should be enabled
configure:129686: result: yes, forced
configure:129694: checking libclang version to be used
configure:129702: result: 9 (default)
configure:129711: checking libclang auxiliary include path
configure:129730: result: /home/elect/Documents/clang+llvm-9.0.0-x86_64-pc-linux-gnu/lib/clang/9.0.0/include
configure:130015: checking clang-c/Index.h usability
configure:130015: /usr/bin/gcc -c -m64   -I/home/elect/Documents/clang+llvm-9.0.0-x86_64-pc-linux-gnu/include conftest.c >&5
configure:130015: $? = 0
configure:130015: result: yes
configure:130015: checking clang-c/Index.h presence
configure:130015: /usr/bin/gcc -E -I/home/elect/Documents/clang+llvm-9.0.0-x86_64-pc-linux-gnu/include conftest.c
configure:130015: $? = 0
configure:130015: result: yes
configure:130015: checking for clang-c/Index.h
configure:130015: result: yes
configure:130028: checking for clang_getClangVersion in -lclang
configure:130053: /usr/bin/gcc -o conftest -m64   -I/home/elect/Documents/clang+llvm-9.0.0-x86_64-pc-linux-gnu/include -L/home/elect/Documents/clang+llvm-9.0.0-x86_64-pc-linux-gnu/lib conftest.c -lclang   >&5
/usr/bin/ld: warning: libz3.so.4.8, needed by /home/elect/Documents/clang+llvm-9.0.0-x86_64-pc-linux-gnu/lib/libclang.so, not found (try using -rpath or -rpath-link)
/usr/bin/ld: /home/elect/Documents/clang+llvm-9.0.0-x86_64-pc-linux-gnu/lib/libclang.so: undefined reference to `Z3_solver_get_model'
/usr/bin/ld: /home/elect/Documents/clang+llvm-9.0.0-x86_64-pc-linux-gnu/lib/libclang.so: undefined reference to `Z3_mk_fpa_lt'
/usr/bin/ld: /home/elect/Documents/clang+llvm-9.0.0-x86_64-pc-linux-gnu/lib/libclang.so: undefined reference to `Z3_mk_concat'
/usr/bin/ld: /home/elect/Documents/clang+llvm-9.0.0-x86_64-pc-linux-gnu/lib/libclang.so: undefined reference to `Z3_mk_fpa_add'
/usr/bin/ld: /home/elect/Documents/clang+llvm-9.0.0-x86_64-pc-linux-gnu/lib/libclang.so: undefined reference to `Z3_set_error_handler'
/usr/bin/ld: /home/elect/Documents/clang+llvm-9.0.0-x86_64-pc-linux-gnu/lib/libclang.so: undefined reference to `Z3_mk_bvurem'
/usr/bin/ld: /home/elect/Documents/clang+llvm-9.0.0-x86_64-pc-linux-gnu/lib/libclang.so: undefined reference to `Z3_mk_fpa_eq'
/usr/bin/ld: /home/elect/Documents/clang+llvm-9.0.0-x86_64-pc-linux-gnu/lib/libclang.so: undefined reference to `Z3_mk_bvsrem'
/usr/bin/ld: /home/elect/Documents/clang+llvm-9.0.0-x86_64-pc-linux-gnu/lib/libclang.so: undefined reference to `Z3_mk_bvshl'
/usr/bin/ld: /home/elect/Documents/clang+llvm-9.0.0-x86_64-pc-linux-gnu/lib/libclang.so: undefined reference to `Z3_mk_bvlshr'
/usr/bin/ld: /home/elect/Documents/clang+llvm-9.0.0-x86_64-pc-linux-gnu/lib/libclang.so: undefined reference to `Z3_fpa_get_ebits'
/usr/bin/ld: /home/elect/Documents/clang+llvm-9.0.0-x86_64-pc-linux-gnu/lib/libclang.so: undefined reference to `Z3_solver_pop'
/usr/bin/ld: /home/elect/Documents/clang+llvm-9.0.0-x86_64-pc-linux-gnu/lib/libclang.so: undefined reference to `Z3_mk_true'
/usr/bin/ld: /home/elect/Documents/clang+llvm-9.0.0-x86_64-pc-linux-gnu/lib/libclang.so: undefined reference to `Z3_mk_extract'
/usr/bin/ld: /home/elect/Documents/clang+llvm-9.0.0-x86_64-pc-linux-gnu/lib/libclang.so: undefined reference to `Z3_get_error_msg'
/usr/bin/ld: /home/elect/Documents/clang+llvm-9.0.0-x86_64-pc-linux-gnu/lib/libclang.so: undefined reference to `Z3_del_config'
/usr/bin/ld: /home/elect/Documents/clang+llvm-9.0.0-x86_64-pc-linux-gnu/lib/libclang.so: undefined reference to `Z3_solver_dec_ref'
/usr/bin/ld: /home/elect/Documents/clang+llvm-9.0.0-x86_64-pc-linux-gnu/lib/libclang.so: undefined reference to `Z3_mk_fpa_to_sbv'
/usr/bin/ld: /home/elect/Documents/clang+llvm-9.0.0-x86_64-pc-linux-gnu/lib/libclang.so: undefined reference to `Z3_set_param_value'
/usr/bin/ld: /home/elect/Documents/clang+llvm-9.0.0-x86_64-pc-linux-gnu/lib/libclang.so: undefined reference to `Z3_mk_not'
/usr/bin/ld: /home/elect/Documents/clang+llvm-9.0.0-x86_64-pc-linux-gnu/lib/libclang.so: undefined reference to `Z3_mk_bvmul_no_underflow'
/usr/bin/ld: /home/elect/Documents/clang+llvm-9.0.0-x86_64-pc-linux-gnu/lib/libclang.so: undefined reference to `Z3_mk_fpa_neg'
/usr/bin/ld: /home/elect/Documents/clang+llvm-9.0.0-x86_64-pc-linux-gnu/lib/libclang.so: undefined reference to `Z3_mk_bvugt'
/usr/bin/ld: /home/elect/Documents/clang+llvm-9.0.0-x86_64-pc-linux-gnu/lib/libclang.so: undefined reference to `Z3_mk_or'
/usr/bin/ld: /home/elect/Documents/clang+llvm-9.0.0-x86_64-pc-linux-gnu/lib/libclang.so: undefined reference to `Z3_mk_fpa_is_infinite'
/usr/bin/ld: /home/elect/Documents/clang+llvm-9.0.0-x86_64-pc-linux-gnu/lib/libclang.so: undefined reference to `Z3_solver_check'
/usr/bin/ld: /home/elect/Documents/clang+llvm-9.0.0-x86_64-pc-linux-gnu/lib/libclang.so: undefined reference to `Z3_mk_bvor'
/usr/bin/ld: /home/elect/Documents/clang+llvm-9.0.0-x86_64-pc-linux-gnu/lib/libclang.so: undefined reference to `Z3_mk_fpa_to_fp_signed'
/usr/bin/ld: /home/elect/Documents/clang+llvm-9.0.0-x86_64-pc-linux-gnu/lib/libclang.so: undefined reference to `Z3_ast_to_string'
/usr/bin/ld: /home/elect/Documents/clang+llvm-9.0.0-x86_64-pc-linux-gnu/lib/libclang.so: undefined reference to `Z3_get_numeral_string'
/usr/bin/ld: /home/elect/Documents/clang+llvm-9.0.0-x86_64-pc-linux-gnu/lib/libclang.so: undefined reference to `Z3_mk_fpa_div'
/usr/bin/ld: /home/elect/Documents/clang+llvm-9.0.0-x86_64-pc-linux-gnu/lib/libclang.so: undefined reference to `Z3_mk_bvxor'
/usr/bin/ld: /home/elect/Documents/clang+llvm-9.0.0-x86_64-pc-linux-gnu/lib/libclang.so: undefined reference to `Z3_mk_string_symbol'
/usr/bin/ld: /home/elect/Documents/clang+llvm-9.0.0-x86_64-pc-linux-gnu/lib/libclang.so: undefined reference to `Z3_mk_bvmul_no_overflow'
/usr/bin/ld: /home/elect/Documents/clang+llvm-9.0.0-x86_64-pc-linux-gnu/lib/libclang.so: undefined reference to `Z3_mk_fpa_leq'
/usr/bin/ld: /home/elect/Documents/clang+llvm-9.0.0-x86_64-pc-linux-gnu/lib/libclang.so: undefined reference to `Z3_mk_bvsub_no_underflow'
/usr/bin/ld: /home/elect/Documents/clang+llvm-9.0.0-x86_64-pc-linux-gnu/lib/libclang.so: undefined reference to `Z3_inc_ref'
/usr/bin/ld: /home/elect/Documents/clang+llvm-9.0.0-x86_64-pc-linux-gnu/lib/libclang.so: undefined reference to `Z3_mk_bvsub'
/usr/bin/ld: /home/elect/Documents/clang+llvm-9.0.0-x86_64-pc-linux-gnu/lib/libclang.so: undefined reference to `Z3_mk_fpa_is_zero'
/usr/bin/ld: /home/elect/Documents/clang+llvm-9.0.0-x86_64-pc-linux-gnu/lib/libclang.so: undefined reference to `Z3_mk_and'
/usr/bin/ld: /home/elect/Documents/clang+llvm-9.0.0-x86_64-pc-linux-gnu/lib/libclang.so: undefined reference to `Z3_mk_bvuge'
/usr/bin/ld: /home/elect/Documents/clang+llvm-9.0.0-x86_64-pc-linux-gnu/lib/libclang.so: undefined reference to `Z3_mk_bvand'
/usr/bin/ld: /home/elect/Documents/clang+llvm-9.0.0-x86_64-pc-linux-gnu/lib/libclang.so: undefined reference to `Z3_mk_false'
/usr/bin/ld: /home/elect/Documents/clang+llvm-9.0.0-x86_64-pc-linux-gnu/lib/libclang.so: undefined reference to `Z3_model_get_const_interp'
/usr/bin/ld: /home/elect/Documents/clang+llvm-9.0.0-x86_64-pc-linux-gnu/lib/libclang.so: undefined reference to `Z3_mk_numeral'
/usr/bin/ld: /home/elect/Documents/clang+llvm-9.0.0-x86_64-pc-linux-gnu/lib/libclang.so: undefined reference to `Z3_get_bool_value'
/usr/bin/ld: /home/elect/Documents/clang+llvm-9.0.0-x86_64-pc-linux-gnu/lib/libclang.so: undefined reference to `Z3_mk_fpa_geq'
/usr/bin/ld: /home/elect/Documents/clang+llvm-9.0.0-x86_64-pc-linux-gnu/lib/libclang.so: undefined reference to `Z3_get_sort_kind'
/usr/bin/ld: /home/elect/Documents/clang+llvm-9.0.0-x86_64-pc-linux-gnu/lib/libclang.so: undefined reference to `Z3_solver_push'
/usr/bin/ld: /home/elect/Documents/clang+llvm-9.0.0-x86_64-pc-linux-gnu/lib/libclang.so: undefined reference to `Z3_mk_ite'
/usr/bin/ld: /home/elect/Documents/clang+llvm-9.0.0-x86_64-pc-linux-gnu/lib/libclang.so: undefined reference to `Z3_mk_const'
/usr/bin/ld: /home/elect/Documents/clang+llvm-9.0.0-x86_64-pc-linux-gnu/lib/libclang.so: undefined reference to `Z3_get_app_decl'
/usr/bin/ld: /home/elect/Documents/clang+llvm-9.0.0-x86_64-pc-linux-gnu/lib/libclang.so: undefined reference to `Z3_mk_fpa_is_normal'
/usr/bin/ld: /home/elect/Documents/clang+llvm-9.0.0-x86_64-pc-linux-gnu/lib/libclang.so: undefined reference to `Z3_get_sort'
/usr/bin/ld: /home/elect/Documents/clang+llvm-9.0.0-x86_64-pc-linux-gnu/lib/libclang.so: undefined reference to `Z3_mk_bvsdiv'
/usr/bin/ld: /home/elect/Documents/clang+llvm-9.0.0-x86_64-pc-linux-gnu/lib/libclang.so: undefined reference to `Z3_mk_bool_sort'
/usr/bin/ld: /home/elect/Documents/clang+llvm-9.0.0-x86_64-pc-linux-gnu/lib/libclang.so: undefined reference to `Z3_mk_fpa_rne'
/usr/bin/ld: /home/elect/Documents/clang+llvm-9.0.0-x86_64-pc-linux-gnu/lib/libclang.so: undefined reference to `Z3_mk_bvslt'
/usr/bin/ld: /home/elect/Documents/clang+llvm-9.0.0-x86_64-pc-linux-gnu/lib/libclang.so: undefined reference to `Z3_model_has_interp'
/usr/bin/ld: /home/elect/Documents/clang+llvm-9.0.0-x86_64-pc-linux-gnu/lib/libclang.so: undefined reference to `Z3_mk_bvsgt'
/usr/bin/ld: /home/elect/Documents/clang+llvm-9.0.0-x86_64-pc-linux-gnu/lib/libclang.so: undefined reference to `Z3_mk_bvule'
/usr/bin/ld: /home/elect/Documents/clang+llvm-9.0.0-x86_64-pc-linux-gnu/lib/libclang.so: undefined reference to `Z3_mk_bvashr'
/usr/bin/ld: /home/elect/Documents/clang+llvm-9.0.0-x86_64-pc-linux-gnu/lib/libclang.so: undefined reference to `Z3_mk_bvadd_no_overflow'
/usr/bin/ld: /home/elect/Documents/clang+llvm-9.0.0-x86_64-pc-linux-gnu/lib/libclang.so: undefined reference to `Z3_get_bv_sort_size'
/usr/bin/ld: /home/elect/Documents/clang+llvm-9.0.0-x86_64-pc-linux-gnu/lib/libclang.so: undefined reference to `Z3_mk_bvneg_no_overflow'
/usr/bin/ld: /home/elect/Documents/clang+llvm-9.0.0-x86_64-pc-linux-gnu/lib/libclang.so: undefined reference to `Z3_get_ast_id'
/usr/bin/ld: /home/elect/Documents/clang+llvm-9.0.0-x86_64-pc-linux-gnu/lib/libclang.so: undefined reference to `Z3_mk_bvsle'
/usr/bin/ld: /home/elect/Documents/clang+llvm-9.0.0-x86_64-pc-linux-gnu/lib/libclang.so: undefined reference to `Z3_mk_bvadd'
/usr/bin/ld: /home/elect/Documents/clang+llvm-9.0.0-x86_64-pc-linux-gnu/lib/libclang.so: undefined reference to `Z3_mk_fpa_sort_64'
/usr/bin/ld: /home/elect/Documents/clang+llvm-9.0.0-x86_64-pc-linux-gnu/lib/libclang.so: undefined reference to `Z3_mk_bvmul'
/usr/bin/ld: /home/elect/Documents/clang+llvm-9.0.0-x86_64-pc-linux-gnu/lib/libclang.so: undefined reference to `Z3_solver_to_string'
/usr/bin/ld: /home/elect/Documents/clang+llvm-9.0.0-x86_64-pc-linux-gnu/lib/libclang.so: undefined reference to `Z3_mk_fpa_sort_128'
/usr/bin/ld: /home/elect/Documents/clang+llvm-9.0.0-x86_64-pc-linux-gnu/lib/libclang.so: undefined reference to `Z3_mk_config'
/usr/bin/ld: /home/elect/Documents/clang+llvm-9.0.0-x86_64-pc-linux-gnu/lib/libclang.so: undefined reference to `Z3_mk_bvsge'
/usr/bin/ld: /home/elect/Documents/clang+llvm-9.0.0-x86_64-pc-linux-gnu/lib/libclang.so: undefined reference to `Z3_dec_ref'
/usr/bin/ld: /home/elect/Documents/clang+llvm-9.0.0-x86_64-pc-linux-gnu/lib/libclang.so: undefined reference to `Z3_model_inc_ref'
/usr/bin/ld: /home/elect/Documents/clang+llvm-9.0.0-x86_64-pc-linux-gnu/lib/libclang.so: undefined reference to `Z3_del_context'
/usr/bin/ld: /home/elect/Documents/clang+llvm-9.0.0-x86_64-pc-linux-gnu/lib/libclang.so: undefined reference to `Z3_mk_zero_ext'
/usr/bin/ld: /home/elect/Documents/clang+llvm-9.0.0-x86_64-pc-linux-gnu/lib/libclang.so: undefined reference to `Z3_mk_fpa_sort_16'
/usr/bin/ld: /home/elect/Documents/clang+llvm-9.0.0-x86_64-pc-linux-gnu/lib/libclang.so: undefined reference to `Z3_sort_to_string'
/usr/bin/ld: /home/elect/Documents/clang+llvm-9.0.0-x86_64-pc-linux-gnu/lib/libclang.so: undefined reference to `Z3_mk_simple_solver'
/usr/bin/ld: /home/elect/Documents/clang+llvm-9.0.0-x86_64-pc-linux-gnu/lib/libclang.so: undefined reference to `Z3_mk_bvnot'
/usr/bin/ld: /home/elect/Documents/clang+llvm-9.0.0-x86_64-pc-linux-gnu/lib/libclang.so: undefined reference to `Z3_mk_bv_sort'
/usr/bin/ld: /home/elect/Documents/clang+llvm-9.0.0-x86_64-pc-linux-gnu/lib/libclang.so: undefined reference to `Z3_mk_fpa_gt'
/usr/bin/ld: /home/elect/Documents/clang+llvm-9.0.0-x86_64-pc-linux-gnu/lib/libclang.so: undefined reference to `Z3_to_app'
/usr/bin/ld: /home/elect/Documents/clang+llvm-9.0.0-x86_64-pc-linux-gnu/lib/libclang.so: undefined reference to `Z3_model_dec_ref'
/usr/bin/ld: /home/elect/Documents/clang+llvm-9.0.0-x86_64-pc-linux-gnu/lib/libclang.so: undefined reference to `Z3_is_eq_ast'
/usr/bin/ld: /home/elect/Documents/clang+llvm-9.0.0-x86_64-pc-linux-gnu/lib/libclang.so: undefined reference to `Z3_mk_fpa_to_fp_bv'
/usr/bin/ld: /home/elect/Documents/clang+llvm-9.0.0-x86_64-pc-linux-gnu/lib/libclang.so: undefined reference to `Z3_mk_fpa_mul'
/usr/bin/ld: /home/elect/Documents/clang+llvm-9.0.0-x86_64-pc-linux-gnu/lib/libclang.so: undefined reference to `Z3_mk_bvneg'
/usr/bin/ld: /home/elect/Documents/clang+llvm-9.0.0-x86_64-pc-linux-gnu/lib/libclang.so: undefined reference to `Z3_mk_eq'
/usr/bin/ld: /home/elect/Documents/clang+llvm-9.0.0-x86_64-pc-linux-gnu/lib/libclang.so: undefined reference to `Z3_mk_fpa_to_fp_float'
/usr/bin/ld: /home/elect/Documents/clang+llvm-9.0.0-x86_64-pc-linux-gnu/lib/libclang.so: undefined reference to `Z3_mk_bvsub_no_overflow'
/usr/bin/ld: /home/elect/Documents/clang+llvm-9.0.0-x86_64-pc-linux-gnu/lib/libclang.so: undefined reference to `Z3_mk_bvult'
/usr/bin/ld: /home/elect/Documents/clang+llvm-9.0.0-x86_64-pc-linux-gnu/lib/libclang.so: undefined reference to `Z3_fpa_get_sbits'
/usr/bin/ld: /home/elect/Documents/clang+llvm-9.0.0-x86_64-pc-linux-gnu/lib/libclang.so: undefined reference to `Z3_mk_fpa_sub'
/usr/bin/ld: /home/elect/Documents/clang+llvm-9.0.0-x86_64-pc-linux-gnu/lib/libclang.so: undefined reference to `Z3_is_eq_sort'
/usr/bin/ld: /home/elect/Documents/clang+llvm-9.0.0-x86_64-pc-linux-gnu/lib/libclang.so: undefined reference to `Z3_mk_sign_ext'
/usr/bin/ld: /home/elect/Documents/clang+llvm-9.0.0-x86_64-pc-linux-gnu/lib/libclang.so: undefined reference to `Z3_solver_reset'
/usr/bin/ld: /home/elect/Documents/clang+llvm-9.0.0-x86_64-pc-linux-gnu/lib/libclang.so: undefined reference to `Z3_mk_fpa_is_nan'
/usr/bin/ld: /home/elect/Documents/clang+llvm-9.0.0-x86_64-pc-linux-gnu/lib/libclang.so: undefined reference to `Z3_solver_assert'
/usr/bin/ld: /home/elect/Documents/clang+llvm-9.0.0-x86_64-pc-linux-gnu/lib/libclang.so: undefined reference to `Z3_mk_bvudiv'
/usr/bin/ld: /home/elect/Documents/clang+llvm-9.0.0-x86_64-pc-linux-gnu/lib/libclang.so: undefined reference to `Z3_mk_context_rc'
/usr/bin/ld: /home/elect/Documents/clang+llvm-9.0.0-x86_64-pc-linux-gnu/lib/libclang.so: undefined reference to `Z3_mk_fpa_to_ubv'
/usr/bin/ld: /home/elect/Documents/clang+llvm-9.0.0-x86_64-pc-linux-gnu/lib/libclang.so: undefined reference to `Z3_mk_fpa_to_fp_unsigned'
/usr/bin/ld: /home/elect/Documents/clang+llvm-9.0.0-x86_64-pc-linux-gnu/lib/libclang.so: undefined reference to `Z3_mk_bvadd_no_underflow'
/usr/bin/ld: /home/elect/Documents/clang+llvm-9.0.0-x86_64-pc-linux-gnu/lib/libclang.so: undefined reference to `Z3_mk_fpa_rem'
/usr/bin/ld: /home/elect/Documents/clang+llvm-9.0.0-x86_64-pc-linux-gnu/lib/libclang.so: undefined reference to `Z3_mk_fpa_sort_32'
/usr/bin/ld: /home/elect/Documents/clang+llvm-9.0.0-x86_64-pc-linux-gnu/lib/libclang.so: undefined reference to `Z3_mk_bvsdiv_no_overflow'
/usr/bin/ld: /home/elect/Documents/clang+llvm-9.0.0-x86_64-pc-linux-gnu/lib/libclang.so: undefined reference to `Z3_solver_inc_ref'
collect2: error: ld returned 1 exit status
configure:130053: $? = 1
configure: failed program was:
| /* confdefs.h */
| #define PACKAGE_NAME "OpenJDK"
| #define PACKAGE_TARNAME "openjdk"
| #define PACKAGE_VERSION "openjdk"
| #define PACKAGE_STRING "OpenJDK openjdk"
| #define PACKAGE_BUGREPORT "build-dev@openjdk.java.net"
| #define PACKAGE_URL "http://openjdk.java.net"
| #define STDC_HEADERS 1
| #define HAVE_SYS_TYPES_H 1
| #define HAVE_SYS_STAT_H 1
| #define HAVE_STDLIB_H 1
| #define HAVE_STRING_H 1
| #define HAVE_MEMORY_H 1
| #define HAVE_STRINGS_H 1
| #define HAVE_INTTYPES_H 1
| #define HAVE_STDINT_H 1
| #define HAVE_UNISTD_H 1
| #define HAVE_STDIO_H 1
| #define SIZEOF_INT_P 8
| #define HAVE_X11_EXTENSIONS_SHAPE_H 1
| #define HAVE_X11_EXTENSIONS_XRENDER_H 1
| #define HAVE_X11_EXTENSIONS_XTEST_H 1
| #define HAVE_X11_INTRINSIC_H 1
| #define HAVE_X11_EXTENSIONS_XRANDR_H 1
| #define HAVE_CUPS_CUPS_H 1
| #define HAVE_CUPS_PPD_H 1
| #define HAVE_FONTCONFIG_FONTCONFIG_H 1
| #define HAVE_LIBM 1
| #define HAVE_LIBDL 1
| /* end confdefs.h.  */
| 
| /* Override any GCC internal prototype to avoid an error.
|    Use char because int might match the return type of a GCC
|    builtin and then its argument prototype would still apply.  */
| #ifdef __cplusplus
| extern "C"
| #endif
| char clang_getClangVersion ();
| int
| main ()
| {
| return clang_getClangVersion ();
|   ;
|   return 0;
| }
configure:130062: result: no
configure:130083: error: Cannot locate libclang or headers at the specified locations:
            /home/elect/Documents/clang+llvm-9.0.0-x86_64-pc-linux-gnu/lib
            /home/elect/Documents/clang+llvm-9.0.0-x86_64-pc-linux-gnu/include

## ---------------- ##
## Cache variables. ##
## ---------------- ##

ac_cv_build=x86_64-unknown-linux-gnu
ac_cv_c_bigendian=no
ac_cv_c_compiler_gnu=yes
ac_cv_cxx_compiler_gnu=yes
ac_cv_env_ALSA_CFLAGS_set=
ac_cv_env_ALSA_CFLAGS_value=
ac_cv_env_ALSA_LIBS_set=
ac_cv_env_ALSA_LIBS_value=
ac_cv_env_AR_set=
ac_cv_env_AR_value=
ac_cv_env_AS_set=
ac_cv_env_AS_value=
ac_cv_env_AWK_set=
ac_cv_env_AWK_value=
ac_cv_env_BASH_set=set
ac_cv_env_BASH_value=/usr/bin/bash
ac_cv_env_BUILD_AR_set=
ac_cv_env_BUILD_AR_value=
ac_cv_env_BUILD_AS_set=
ac_cv_env_BUILD_AS_value=
ac_cv_env_BUILD_CC_set=
ac_cv_env_BUILD_CC_value=
ac_cv_env_BUILD_CXX_set=
ac_cv_env_BUILD_CXX_value=
ac_cv_env_BUILD_LD_set=
ac_cv_env_BUILD_LD_value=
ac_cv_env_BUILD_NM_set=
ac_cv_env_BUILD_NM_value=
ac_cv_env_BUILD_OBJCOPY_set=
ac_cv_env_BUILD_OBJCOPY_value=
ac_cv_env_BUILD_STRIP_set=
ac_cv_env_BUILD_STRIP_value=
ac_cv_env_CAT_set=
ac_cv_env_CAT_value=
ac_cv_env_CCACHE_set=
ac_cv_env_CCACHE_value=
ac_cv_env_CCC_set=
ac_cv_env_CCC_value=
ac_cv_env_CC_set=
ac_cv_env_CC_value=
ac_cv_env_CFLAGS_set=
ac_cv_env_CFLAGS_value=
ac_cv_env_CHECK_GMAKE_set=
ac_cv_env_CHECK_GMAKE_value=
ac_cv_env_CHECK_MAKE_set=
ac_cv_env_CHECK_MAKE_value=
ac_cv_env_CHECK_TOOLSDIR_GMAKE_set=
ac_cv_env_CHECK_TOOLSDIR_GMAKE_value=
ac_cv_env_CHECK_TOOLSDIR_MAKE_set=
ac_cv_env_CHECK_TOOLSDIR_MAKE_value=
ac_cv_env_CHMOD_set=
ac_cv_env_CHMOD_value=
ac_cv_env_CMD_set=
ac_cv_env_CMD_value=
ac_cv_env_CMP_set=
ac_cv_env_CMP_value=
ac_cv_env_CODESIGN_set=
ac_cv_env_CODESIGN_value=
ac_cv_env_CPPFLAGS_set=
ac_cv_env_CPPFLAGS_value=
ac_cv_env_CPP_set=
ac_cv_env_CPP_value=
ac_cv_env_CP_set=
ac_cv_env_CP_value=
ac_cv_env_CUT_set=
ac_cv_env_CUT_value=
ac_cv_env_CXXCPP_set=
ac_cv_env_CXXCPP_value=
ac_cv_env_CXXFILT_set=
ac_cv_env_CXXFILT_value=
ac_cv_env_CXXFLAGS_set=
ac_cv_env_CXXFLAGS_value=
ac_cv_env_CXX_set=
ac_cv_env_CXX_value=
ac_cv_env_DATE_set=
ac_cv_env_DATE_value=
ac_cv_env_DF_set=
ac_cv_env_DF_value=
ac_cv_env_DIFF_set=
ac_cv_env_DIFF_value=
ac_cv_env_DOT_set=
ac_cv_env_DOT_value=
ac_cv_env_DSYMUTIL_set=
ac_cv_env_DSYMUTIL_value=
ac_cv_env_DTRACE_set=
ac_cv_env_DTRACE_value=
ac_cv_env_DUMPBIN_set=
ac_cv_env_DUMPBIN_value=
ac_cv_env_ECHO_set=
ac_cv_env_ECHO_value=
ac_cv_env_EGREP_set=
ac_cv_env_EGREP_value=
ac_cv_env_EXPR_set=
ac_cv_env_EXPR_value=
ac_cv_env_FGREP_set=
ac_cv_env_FGREP_value=
ac_cv_env_FIND_set=
ac_cv_env_FIND_value=
ac_cv_env_FLOCK_set=
ac_cv_env_FLOCK_value=
ac_cv_env_FREETYPE_CFLAGS_set=
ac_cv_env_FREETYPE_CFLAGS_value=
ac_cv_env_FREETYPE_LIBS_set=
ac_cv_env_FREETYPE_LIBS_value=
ac_cv_env_GIT_set=
ac_cv_env_GIT_value=
ac_cv_env_GREP_set=
ac_cv_env_GREP_value=
ac_cv_env_GUNZIP_set=
ac_cv_env_GUNZIP_value=
ac_cv_env_GZIP_set=
ac_cv_env_GZIP_value=
ac_cv_env_HARFBUZZ_CFLAGS_set=
ac_cv_env_HARFBUZZ_CFLAGS_value=
ac_cv_env_HARFBUZZ_LIBS_set=
ac_cv_env_HARFBUZZ_LIBS_value=
ac_cv_env_HEAD_set=
ac_cv_env_HEAD_value=
ac_cv_env_HG_set=
ac_cv_env_HG_value=
ac_cv_env_ICECC_CMD_set=
ac_cv_env_ICECC_CMD_value=
ac_cv_env_ICECC_CREATE_ENV_set=
ac_cv_env_ICECC_CREATE_ENV_value=
ac_cv_env_ICECC_WRAPPER_set=
ac_cv_env_ICECC_WRAPPER_value=
ac_cv_env_INSTALL_NAME_TOOL_set=
ac_cv_env_INSTALL_NAME_TOOL_value=
ac_cv_env_JAR_set=
ac_cv_env_JAR_value=
ac_cv_env_JAVAC_CHECK_set=
ac_cv_env_JAVAC_CHECK_value=
ac_cv_env_JAVAC_set=
ac_cv_env_JAVAC_value=
ac_cv_env_JAVADOC_set=
ac_cv_env_JAVADOC_value=
ac_cv_env_JAVA_CHECK_set=
ac_cv_env_JAVA_CHECK_value=
ac_cv_env_JAVA_set=
ac_cv_env_JAVA_value=
ac_cv_env_JTREGEXE_set=
ac_cv_env_JTREGEXE_value=
ac_cv_env_LCMS_CFLAGS_set=
ac_cv_env_LCMS_CFLAGS_value=
ac_cv_env_LCMS_LIBS_set=
ac_cv_env_LCMS_LIBS_value=
ac_cv_env_LDFLAGS_set=
ac_cv_env_LDFLAGS_value=
ac_cv_env_LD_set=
ac_cv_env_LD_value=
ac_cv_env_LIBFFI_CFLAGS_set=
ac_cv_env_LIBFFI_CFLAGS_value=
ac_cv_env_LIBFFI_LIBS_set=
ac_cv_env_LIBFFI_LIBS_value=
ac_cv_env_LIBS_set=
ac_cv_env_LIBS_value=
ac_cv_env_LIPO_set=
ac_cv_env_LIPO_value=
ac_cv_env_LN_set=
ac_cv_env_LN_value=
ac_cv_env_LSB_RELEASE_set=
ac_cv_env_LSB_RELEASE_value=
ac_cv_env_LS_set=
ac_cv_env_LS_value=
ac_cv_env_MAKE_set=
ac_cv_env_MAKE_value=
ac_cv_env_METALLIB_set=
ac_cv_env_METALLIB_value=
ac_cv_env_METAL_set=
ac_cv_env_METAL_value=
ac_cv_env_MIG_set=
ac_cv_env_MIG_value=
ac_cv_env_MKDIR_set=
ac_cv_env_MKDIR_value=
ac_cv_env_MKTEMP_set=
ac_cv_env_MKTEMP_value=
ac_cv_env_MT_set=
ac_cv_env_MT_value=
ac_cv_env_MV_set=
ac_cv_env_MV_value=
ac_cv_env_NICE_set=
ac_cv_env_NICE_value=
ac_cv_env_NM_set=
ac_cv_env_NM_value=
ac_cv_env_OBJCOPY_set=
ac_cv_env_OBJCOPY_value=
ac_cv_env_OBJDUMP_set=
ac_cv_env_OBJDUMP_value=
ac_cv_env_OTOOL_set=
ac_cv_env_OTOOL_value=
ac_cv_env_PANDOC_set=
ac_cv_env_PANDOC_value=
ac_cv_env_PATCH_set=
ac_cv_env_PATCH_value=
ac_cv_env_PATHTOOL_set=
ac_cv_env_PATHTOOL_value=
ac_cv_env_PKGHANDLER_set=
ac_cv_env_PKGHANDLER_value=
ac_cv_env_PKG_CONFIG_set=
ac_cv_env_PKG_CONFIG_value=
ac_cv_env_PNG_CFLAGS_set=
ac_cv_env_PNG_CFLAGS_value=
ac_cv_env_PNG_LIBS_set=
ac_cv_env_PNG_LIBS_value=
ac_cv_env_POTENTIAL_CC_set=
ac_cv_env_POTENTIAL_CC_value=
ac_cv_env_POTENTIAL_CXX_set=
ac_cv_env_POTENTIAL_CXX_value=
ac_cv_env_PRINTF_set=
ac_cv_env_PRINTF_value=
ac_cv_env_RC_set=
ac_cv_env_RC_value=
ac_cv_env_READELF_set=
ac_cv_env_READELF_value=
ac_cv_env_READLINK_set=
ac_cv_env_READLINK_value=
ac_cv_env_RMDIR_set=
ac_cv_env_RMDIR_value=
ac_cv_env_RM_set=
ac_cv_env_RM_value=
ac_cv_env_SED_set=
ac_cv_env_SED_value=
ac_cv_env_SETFILE_set=
ac_cv_env_SETFILE_value=
ac_cv_env_SH_set=
ac_cv_env_SH_value=
ac_cv_env_SORT_set=
ac_cv_env_SORT_value=
ac_cv_env_STAT_set=
ac_cv_env_STAT_value=
ac_cv_env_STRIP_set=
ac_cv_env_STRIP_value=
ac_cv_env_TAIL_set=
ac_cv_env_TAIL_value=
ac_cv_env_TAR_set=
ac_cv_env_TAR_value=
ac_cv_env_TEE_set=
ac_cv_env_TEE_value=
ac_cv_env_TIME_set=
ac_cv_env_TIME_value=
ac_cv_env_TOUCH_set=
ac_cv_env_TOUCH_value=
ac_cv_env_TR_set=
ac_cv_env_TR_value=
ac_cv_env_ULIMIT_set=
ac_cv_env_ULIMIT_value=
ac_cv_env_UNAME_set=
ac_cv_env_UNAME_value=
ac_cv_env_UNIQ_set=
ac_cv_env_UNIQ_value=
ac_cv_env_UNZIP_set=
ac_cv_env_UNZIP_value=
ac_cv_env_WC_set=
ac_cv_env_WC_value=
ac_cv_env_XARGS_set=
ac_cv_env_XARGS_value=
ac_cv_env_XATTR_set=
ac_cv_env_XATTR_value=
ac_cv_env_XCODEBUILD_set=
ac_cv_env_XCODEBUILD_value=
ac_cv_env_XMKMF_set=
ac_cv_env_XMKMF_value=
ac_cv_env_ZIPEXE_set=
ac_cv_env_ZIPEXE_value=
ac_cv_env_build_alias_set=
ac_cv_env_build_alias_value=
ac_cv_env_host_alias_set=
ac_cv_env_host_alias_value=
ac_cv_env_target_alias_set=
ac_cv_env_target_alias_value=
ac_cv_func_connect=yes
ac_cv_func_gethostbyname=yes
ac_cv_func_remove=yes
ac_cv_func_shmat=yes
ac_cv_have_x='have_x=yes	ac_x_includes='\'''\''	ac_x_libraries='\'''\'''
ac_cv_header_X11_Intrinsic_h=yes
ac_cv_header_X11_extensions_XTest_h=yes
ac_cv_header_X11_extensions_Xrandr_h=yes
ac_cv_header_X11_extensions_Xrender_h=yes
ac_cv_header_X11_extensions_shape_h=yes
ac_cv_header_clang_c_Index_h=yes
ac_cv_header_cups_cups_h=yes
ac_cv_header_cups_ppd_h=yes
ac_cv_header_fontconfig_fontconfig_h=yes
ac_cv_header_inttypes_h=yes
ac_cv_header_memory_h=yes
ac_cv_header_stdc=yes
ac_cv_header_stdint_h=yes
ac_cv_header_stdio_h=yes
ac_cv_header_stdlib_h=yes
ac_cv_header_string_h=yes
ac_cv_header_strings_h=yes
ac_cv_header_sys_stat_h=yes
ac_cv_header_sys_types_h=yes
ac_cv_header_unistd_h=yes
ac_cv_host=x86_64-unknown-linux-gnu
ac_cv_lib_ICE_IceConnectionNumber=yes
ac_cv_lib_clang_clang_getClangVersion=no
ac_cv_lib_dl_dlopen=yes
ac_cv_lib_m_cos=yes
ac_cv_lib_z_compress=yes
ac_cv_objext=o
ac_cv_path_BASENAME=/usr/bin/basename
ac_cv_path_DIRNAME=/usr/bin/dirname
ac_cv_path_EGREP='/usr/bin/grep -E'
ac_cv_path_FGREP='/usr/bin/grep -F'
ac_cv_path_FILE=/usr/bin/file
ac_cv_path_GREP=/usr/bin/grep
ac_cv_path_LDD=/usr/bin/ldd
ac_cv_path_SED=/usr/bin/sed
ac_cv_path_ac_pt_PKG_CONFIG=/usr/bin/pkg-config
ac_cv_prog_CPP='/usr/bin/gcc -E'
ac_cv_prog_CXXCPP='/usr/bin/g++ -E'
ac_cv_prog_cc_c89=
ac_cv_prog_cc_g=yes
ac_cv_prog_cxx_g=yes
ac_cv_sizeof_int_p=8
ac_cv_target=x86_64-unknown-linux-gnu
pkg_cv_ALSA_CFLAGS=
pkg_cv_ALSA_LIBS=-lasound
pkg_cv_FREETYPE_CFLAGS='-I/usr/include/freetype2 -I/usr/include/libpng16'
pkg_cv_FREETYPE_LIBS=-lfreetype
pkg_cv_PNG_CFLAGS=-I/usr/include/libpng16
pkg_cv_PNG_LIBS='-lpng16 -lz'

## ----------------- ##
## Output variables. ##
## ----------------- ##

ADLC_LANGSTD_CXXFLAGS='-std=c++14'
ADLC_LDFLAGS=' -static-libstdc++ -static-libgcc'
ALLOW_ABSOLUTE_PATHS_IN_OUTPUT='false'
ALSA_CFLAGS=''
ALSA_LIBS='-lasound'
AR='/usr/bin/ar'
ARFLAGS=''
AR_OUT_OPTION='-rcs$(SPACE)'
AS='/usr/bin/gcc -c'
ASAN_ENABLED='no'
ASFLAGS_DEBUG_SYMBOLS='-g'
AUTOCONF=''
AWK='/usr/bin/nawk'
BASENAME='/usr/bin/basename'
BASH='/usr/bin/bash'
BASH_ARGS=' -o pipefail -e'
BASIC_ASFLAGS='-x assembler-with-cpp'
BOOTCYCLE_JVM_ARGS_BIG=''
BOOT_JDK='/home/elect/.jdks/openjdk-16.0.1'
BOOT_JDK_SOURCETARGET='-source 16 -target 16 -Xlint:-options'
BUILDJDK_JAVA_FLAGS_SMALL=''
BUILD_AR='/usr/bin/ar'
BUILD_AS='/usr/bin/gcc -c'
BUILD_CC='/usr/bin/gcc'
BUILD_CC_DISABLE_WARNING_PREFIX='-Wno-'
BUILD_CDS_ARCHIVE=''
BUILD_CXX='/usr/bin/g++'
BUILD_FAILURE_HANDLER=''
BUILD_ICECC=''
BUILD_JDK='$(JDK_OUTPUTDIR)'
BUILD_LD='/usr/bin/gcc'
BUILD_LDCXX='/usr/bin/g++'
BUILD_MANPAGES=''
BUILD_NM='/usr/bin/nm'
BUILD_OBJCOPY='/usr/bin/objcopy'
BUILD_STRIP='/usr/bin/strip'
BUILD_SYSROOT_CFLAGS=''
BUILD_SYSROOT_LDFLAGS=''
CACERTS_FILE=''
CAT='/usr/bin/cat'
CC='/usr/bin/gcc'
CCACHE=''
CC_OUT_OPTION='-o$(SPACE)'
CC_VERSION_NUMBER='10.3.0'
CFLAGS='-m64  '
CFLAGS_CCACHE=''
CFLAGS_DEBUG_SYMBOLS='-g'
CFLAGS_JDKEXE='       -I$(SUPPORT_OUTPUTDIR)/modules_include/java.base       -I$(SUPPORT_OUTPUTDIR)/modules_include/java.base/$(OPENJDK_TARGET_OS_INCLUDE_SUBDIR)       -I/home/elect/IdeaProjects/panama-foreign/src/java.base/share/native/libjava       -I/home/elect/IdeaProjects/panama-foreign/src/java.base/unix/native/libjava       -I/home/elect/IdeaProjects/panama-foreign/src/hotspot/share/include       -I/home/elect/IdeaProjects/panama-foreign/src/hotspot/os/posix/include  -pipe -fstack-protector        -DLIBC=gnu -D_GNU_SOURCE -D_REENTRANT -D_LARGEFILE64_SOURCE -DLINUX -DNDEBUG                 -fmacro-prefix-map=/home/elect/IdeaProjects/panama-foreign/=  -std=c99 -fno-strict-aliasing        -Wall -Wextra -Wformat=2 -Wpointer-arith -Wsign-compare           -Wunused-function -Wundef -Wunused-value -Wreturn-type           -Wtrampolines -m64  -D_LITTLE_ENDIAN -DARCH='\''"amd64"'\''       -Damd64 -D_LP64=1   -fno-omit-frame-pointer -fno-delete-null-pointer-checks -fno-lifetime-dse -fPIE'
CFLAGS_JDKLIB='       -I$(SUPPORT_OUTPUTDIR)/modules_include/java.base       -I$(SUPPORT_OUTPUTDIR)/modules_include/java.base/$(OPENJDK_TARGET_OS_INCLUDE_SUBDIR)       -I/home/elect/IdeaProjects/panama-foreign/src/java.base/share/native/libjava       -I/home/elect/IdeaProjects/panama-foreign/src/java.base/unix/native/libjava       -I/home/elect/IdeaProjects/panama-foreign/src/hotspot/share/include       -I/home/elect/IdeaProjects/panama-foreign/src/hotspot/os/posix/include  -pipe -fstack-protector        -DLIBC=gnu -D_GNU_SOURCE -D_REENTRANT -D_LARGEFILE64_SOURCE -DLINUX -DNDEBUG                 -fmacro-prefix-map=/home/elect/IdeaProjects/panama-foreign/=  -std=c99 -fno-strict-aliasing        -Wall -Wextra -Wformat=2 -Wpointer-arith -Wsign-compare           -Wunused-function -Wundef -Wunused-value -Wreturn-type           -Wtrampolines -m64  -D_LITTLE_ENDIAN -DARCH='\''"amd64"'\''       -Damd64 -D_LP64=1   -fno-omit-frame-pointer -fno-delete-null-pointer-checks -fno-lifetime-dse       -fPIC '
CFLAGS_WARNINGS_ARE_ERRORS='-Werror'
CHECK_GMAKE='/usr/bin/gmake'
CHECK_MAKE=''
CHECK_TOOLSDIR_GMAKE=''
CHECK_TOOLSDIR_MAKE=''
CHMOD='/usr/bin/chmod'
CLANG_INCLUDE_AUX_PATH='/home/elect/Documents/clang+llvm-9.0.0-x86_64-pc-linux-gnu/lib/clang/9.0.0/include'
CLANG_INCLUDE_PATH='/home/elect/Documents/clang+llvm-9.0.0-x86_64-pc-linux-gnu/include'
CLANG_LIBNAME=''
CLANG_LIB_PATH='/home/elect/Documents/clang+llvm-9.0.0-x86_64-pc-linux-gnu/lib'
CMD=''
CMP='/usr/bin/cmp'
CODESIGN=''
COMPANY_NAME='N/A'
COMPILER_BINDCMD_FILE_FLAG=''
COMPILER_COMMAND_FILE_FLAG='@'
COMPILER_SUPPORTS_TARGET_BITS_FLAG='true'
COMPILER_TARGET_BITS_FLAG='-m'
COMPILE_TYPE='native'
COMPILE_WITH_DEBUG_SYMBOLS='true'
COMPRESS_JARS='false'
CONFIGURESUPPORT_OUTPUTDIR='/home/elect/IdeaProjects/panama-foreign/build/linux-x86_64-server-release/configure-support'
CONFIGURE_COMMAND_LINE='--with-boot-jdk=/home/elect/.jdks/openjdk-16.0.1 --with-libclang=/home/elect/Documents/clang+llvm-9.0.0-x86_64-pc-linux-gnu'
CONFIGURE_START_DIR='/home/elect/IdeaProjects/panama-foreign'
CONF_NAME='linux-x86_64-server-release'
COPYRIGHT_YEAR='2021'
COPY_DEBUG_SYMBOLS='true'
CP='/usr/bin/cp'
CPP='/usr/bin/gcc -E'
CPPFLAGS='-I/home/elect/Documents/clang+llvm-9.0.0-x86_64-pc-linux-gnu/include'
CREATE_BUILDJDK='false'
CUPS_CFLAGS=''
CUT='/usr/bin/cut'
CXX='/usr/bin/g++'
CXXCPP='/usr/bin/g++ -E'
CXXFILT='/usr/bin/c++filt'
CXXFLAGS='-m64  '
CXXFLAGS_JDKEXE='       -I$(SUPPORT_OUTPUTDIR)/modules_include/java.base       -I$(SUPPORT_OUTPUTDIR)/modules_include/java.base/$(OPENJDK_TARGET_OS_INCLUDE_SUBDIR)       -I/home/elect/IdeaProjects/panama-foreign/src/java.base/share/native/libjava       -I/home/elect/IdeaProjects/panama-foreign/src/java.base/unix/native/libjava       -I/home/elect/IdeaProjects/panama-foreign/src/hotspot/share/include       -I/home/elect/IdeaProjects/panama-foreign/src/hotspot/os/posix/include  -pipe -fstack-protector        -DLIBC=gnu -D_GNU_SOURCE -D_REENTRANT -D_LARGEFILE64_SOURCE -DLINUX -DNDEBUG                 -fmacro-prefix-map=/home/elect/IdeaProjects/panama-foreign/=          -std=c++14              -Wall -Wextra -Wformat=2 -Wpointer-arith -Wsign-compare           -Wunused-function -Wundef -Wunused-value -Wreturn-type           -Wtrampolines -Woverloaded-virtual -Wreorder -m64  -D_LITTLE_ENDIAN -DARCH='\''"amd64"'\''       -Damd64 -D_LP64=1   -fno-omit-frame-pointer -fno-delete-null-pointer-checks -fno-lifetime-dse -fPIE'
CXXFLAGS_JDKLIB='       -I$(SUPPORT_OUTPUTDIR)/modules_include/java.base       -I$(SUPPORT_OUTPUTDIR)/modules_include/java.base/$(OPENJDK_TARGET_OS_INCLUDE_SUBDIR)       -I/home/elect/IdeaProjects/panama-foreign/src/java.base/share/native/libjava       -I/home/elect/IdeaProjects/panama-foreign/src/java.base/unix/native/libjava       -I/home/elect/IdeaProjects/panama-foreign/src/hotspot/share/include       -I/home/elect/IdeaProjects/panama-foreign/src/hotspot/os/posix/include  -pipe -fstack-protector        -DLIBC=gnu -D_GNU_SOURCE -D_REENTRANT -D_LARGEFILE64_SOURCE -DLINUX -DNDEBUG                 -fmacro-prefix-map=/home/elect/IdeaProjects/panama-foreign/=          -std=c++14              -Wall -Wextra -Wformat=2 -Wpointer-arith -Wsign-compare           -Wunused-function -Wundef -Wunused-value -Wreturn-type           -Wtrampolines -Woverloaded-virtual -Wreorder -m64  -D_LITTLE_ENDIAN -DARCH='\''"amd64"'\''       -Damd64 -D_LP64=1   -fno-omit-frame-pointer -fno-delete-null-pointer-checks -fno-lifetime-dse       -fPIC '
CXX_O_FLAG_HI='-O3'
CXX_O_FLAG_HIGHEST='-O3'
CXX_O_FLAG_HIGHEST_JVM='-O3'
CXX_O_FLAG_NONE='-O0'
CXX_O_FLAG_NORM='-O2'
CXX_O_FLAG_SIZE='-Os'
CXX_VERSION_NUMBER='10.3.0'
C_O_FLAG_HI='-O3'
C_O_FLAG_HIGHEST='-O3'
C_O_FLAG_HIGHEST_JVM='-O3'
C_O_FLAG_NONE='-O0'
C_O_FLAG_NORM='-O2'
C_O_FLAG_SIZE='-Os'
DATE='/usr/bin/date'
DATE_WHEN_CONFIGURED='Sun Jun 13 10:24:21 CEST 2021'
DEBUG_LEVEL='release'
DEFAULT_LOG=''
DEFAULT_MAKE_TARGET='exploded-image'
DEFINE_CROSS_COMPILE_ARCH=''
DEFS=''
DEVKIT_LIB_DIR=''
DF='/usr/bin/df'
DIFF='/usr/bin/diff'
DIRNAME='/usr/bin/dirname'
DISABLED_WARNINGS='unused-parameter unused'
DISABLED_WARNINGS_C=''
DISABLED_WARNINGS_CXX=''
DISABLE_WARNING_PREFIX='-Wno-'
DOCS_REFERENCE_JAVADOC=''
DOT=''
DSYMUTIL=''
DTRACE=''
DUMPBIN=''
ECHO='echo'
ECHO_C=''
ECHO_N='-n'
ECHO_T=''
EGREP='/usr/bin/grep -E'
ENABLE_COMPATIBLE_CDS_ALIGNMENT=''
ENABLE_FULL_DOCS='false'
ENABLE_GENERATE_CLASSLIST=''
ENABLE_HEADLESS_ONLY='false'
ENABLE_JAVAC_SERVER=''
ENABLE_LIBCLANG='false'
ENABLE_LIBFFI_BUNDLING='false'
ENABLE_LINKTIME_GC='false'
ENABLE_PANDOC='false'
ENABLE_REPRODUCIBLE_BUILD='false'
EXCLUDE_TRANSLATIONS=''
EXECUTABLE_SUFFIX=''
EXEEXT=''
EXPR='/usr/bin/expr'
EXTERNAL_BUILDJDK='false'
EXTRA_ASFLAGS=''
EXTRA_CFLAGS='-m64 '
EXTRA_CXXFLAGS='-m64 '
EXTRA_LDFLAGS='-m64 '
FDLIBM_CFLAGS='-ffp-contract=off'
FGREP='/usr/bin/grep -F'
FILE='/usr/bin/file'
FILE_MACRO_CFLAGS='-fmacro-prefix-map=/home/elect/IdeaProjects/panama-foreign/='
FIND='/usr/bin/find'
FIND_DELETE='-delete'
FIXPATH=''
FIXPATH_BASE=''
FLOCK='/usr/bin/flock'
FONTCONFIG_CFLAGS=''
FREETYPE_CFLAGS='-I/usr/include/freetype2 -I/usr/include/libpng16'
FREETYPE_LIBS='-lfreetype'
FREETYPE_TO_USE='system'
GCOV_ENABLED='false'
GENDEPS_FLAGS='-MMD -MF'
GIT='/usr/bin/git'
GNM='/usr/bin/nm'
GREP='/usr/bin/grep'
GTEST_FRAMEWORK_SRC=''
GUNZIP='/usr/bin/gunzip'
GZIP='/usr/bin/gzip'
HARFBUZZ_CFLAGS=''
HARFBUZZ_LIBS=''
HEAD='/usr/bin/head'
HG=''
HOTSPOT_BUILD_CPU='x86_64'
HOTSPOT_BUILD_CPU_ARCH='x86'
HOTSPOT_BUILD_CPU_DEFINE='AMD64'
HOTSPOT_BUILD_LIBC='gnu'
HOTSPOT_BUILD_OS='linux'
HOTSPOT_BUILD_OS_TYPE='posix'
HOTSPOT_BUILD_TIME=''
HOTSPOT_DEBUG_LEVEL='product'
HOTSPOT_OVERRIDE_LIBPATH=''
HOTSPOT_TARGET_CPU='x86_64'
HOTSPOT_TARGET_CPU_ARCH='x86'
HOTSPOT_TARGET_CPU_DEFINE='AMD64'
HOTSPOT_TARGET_LIBC='gnu'
HOTSPOT_TARGET_OS='linux'
HOTSPOT_TARGET_OS_TYPE='posix'
HOTSPOT_TOOLCHAIN_TYPE='gcc'
HOTSPOT_VM_DISTRO='OpenJDK'
ICECC=''
ICECC_CMD=''
ICECC_CREATE_ENV=''
ICECC_WRAPPER=''
IMPORT_MODULES_CLASSES=''
IMPORT_MODULES_CMDS=''
IMPORT_MODULES_CONF=''
IMPORT_MODULES_LEGAL=''
IMPORT_MODULES_LIBS=''
IMPORT_MODULES_MAKE=''
IMPORT_MODULES_MAN=''
IMPORT_MODULES_SRC=''
INCLUDE_JVMCI=''
INCLUDE_SA='true'
INSTALL_NAME_TOOL=''
IS_GNU_TIME='no'
JAR='/home/elect/.jdks/openjdk-16.0.1/bin/jar'
JAVA='/home/elect/.jdks/openjdk-16.0.1/bin/java'
JAVAC='/home/elect/.jdks/openjdk-16.0.1/bin/javac'
JAVAC_CHECK=''
JAVADOC='/home/elect/.jdks/openjdk-16.0.1/bin/javadoc'
JAVA_CHECK=''
JAVA_FLAGS=''
JAVA_FLAGS_BIG=''
JAVA_FLAGS_SMALL=''
JAVA_TOOL_FLAGS_SMALL=''
JCOV_ENABLED='false'
JCOV_FILTERS=''
JCOV_HOME=''
JCOV_INPUT_JDK=''
JDKEXE_LIBS=''
JDKLIB_LIBS=''
JDK_ARCH_ABI_PROP_NAME=''
JDK_RC_NAME='OpenJDK Platform'
JDK_RC_PLATFORM_NAME='Platform'
JDK_SOURCE_TARGET_VERSION='17'
JIB_HOME=''
JLINK='$(JDK_OUTPUTDIR)/bin/jlink'
JLINK_KEEP_PACKAGED_MODULES='true'
JMH_COMMONS_MATH_JAR=''
JMH_CORE_JAR=''
JMH_GENERATOR_JAR=''
JMH_JOPT_SIMPLE_JAR=''
JMH_VERSION=''
JMOD='$(JDK_OUTPUTDIR)/bin/jmod'
JOBS=''
JTREGEXE=''
JT_HOME=''
JVM_ASFLAGS=' -m64 '
JVM_CFLAGS='-D__STDC_FORMAT_MACROS -D__STDC_LIMIT_MACROS -D__STDC_CONSTANT_MACROS -D_GNU_SOURCE -D_REENTRANT       -pipe -fno-rtti -fno-exceptions         -fvisibility=hidden -fno-strict-aliasing -fno-omit-frame-pointer -fcheck-new -fstack-protector -std=c++14         -DLIBC=gnu  -DLINUX         -Wall -Wextra -Wformat=2 -Wpointer-arith -Wsign-compare           -Wunused-function -Wundef -Wunused-value -Wreturn-type           -Wtrampolines -Woverloaded-virtual -Wreorder -fPIC -fmacro-prefix-map=/home/elect/IdeaProjects/panama-foreign/=        -DVM_LITTLE_ENDIAN -D_LP64=1   -fno-delete-null-pointer-checks -fno-lifetime-dse -Wno-format-zero-length -Wtype-limits -Wuninitialized -m64 '
JVM_FEATURES_client=''
JVM_FEATURES_core=''
JVM_FEATURES_custom=''
JVM_FEATURES_minimal=''
JVM_FEATURES_server=''
JVM_FEATURES_zero=''
JVM_LDFLAGS='-Wl,-z,defs -Wl,-z,relro -Wl,-z,now -Wl,-z,noexecstack -Wl,-O1                   -Wl,--hash-style=gnu  -m64          -static-libstdc++ -static-libgcc'
JVM_LIBS=''
JVM_VARIANTS='server'
JVM_VARIANT_MAIN='server'
LAUNCHER_NAME='openjdk'
LCMS_CFLAGS=''
LCMS_LIBS=''
LD='/usr/bin/gcc'
LDCXX='/usr/bin/g++'
LDD='/usr/bin/ldd'
LDFLAGS='-L/home/elect/Documents/clang+llvm-9.0.0-x86_64-pc-linux-gnu/lib'
LDFLAGS_CXX_JDK='   -Wl,-O1'
LDFLAGS_JDKEXE='-Wl,-z,defs -Wl,-z,relro -Wl,-z,now -Wl,-z,noexecstack          -Wl,-O1 -m64   -Wl,--allow-shlib-undefined -pie         '
LDFLAGS_JDKLIB='-Wl,-z,defs -Wl,-z,relro -Wl,-z,now -Wl,-z,noexecstack          -Wl,-O1 -m64         -L$(SUPPORT_OUTPUTDIR)/modules_libs/java.base         -L$(SUPPORT_OUTPUTDIR)/modules_libs/java.base/server -shared        '
LDFLAGS_TESTEXE='-L$(SUPPORT_OUTPUTDIR)/modules_libs/java.base         -L$(SUPPORT_OUTPUTDIR)/modules_libs/java.base/server'
LD_OUT_OPTION='-o$(SPACE)'
LIBCLANG_CPPFLAGS='-I/home/elect/Documents/clang+llvm-9.0.0-x86_64-pc-linux-gnu/include'
LIBCLANG_LDFLAGS='-L/home/elect/Documents/clang+llvm-9.0.0-x86_64-pc-linux-gnu/lib'
LIBCLANG_LIBS='-lclang'
LIBCXX=' -static-libstdc++ -static-libgcc'
LIBDL='-ldl '
LIBFFI_CFLAGS=''
LIBFFI_LIBS=''
LIBFFI_LIB_FILE=''
LIBM='-lm'
LIBOBJS=''
LIBRARY_PREFIX='lib'
LIBS=''
LIBZIP_CAN_USE_MMAP='true'
LIBZ_CFLAGS=''
LIBZ_LIBS='-lz'
LIPO=''
LN='/usr/bin/ln'
LS='/usr/bin/ls'
LSB_RELEASE='/usr/bin/lsb_release'
LTLIBOBJS=''
MACOSX_BUNDLE_BUILD_VERSION='0'
MACOSX_BUNDLE_ID_BASE='net.java.openjdk-internal'
MACOSX_BUNDLE_NAME_BASE='OpenJDK'
MACOSX_CODESIGN_IDENTITY=''
MACOSX_VERSION_MAX=''
MACOSX_VERSION_MIN=''
MAKE='/usr/bin/gmake'
MEMORY_SIZE=''
METAL=''
METALLIB=''
MIG=''
MKDIR='/usr/bin/mkdir'
MKTEMP='/usr/bin/mktemp'
MSVCP_DLL=''
MSVCR_DLL=''
MT=''
MV='/usr/bin/mv'
NICE='/usr/bin/nice'
NM='/usr/bin/nm'
NUM_CORES=''
OBJCOPY='/usr/bin/objcopy'
OBJDUMP='/usr/bin/objdump'
OBJEXT='o'
OBJ_SUFFIX='.o'
OPENJDK_BUILD_ABI='gnu'
OPENJDK_BUILD_ADLC_LANGSTD_CXXFLAGS=''
OPENJDK_BUILD_AUTOCONF_NAME='x86_64-unknown-linux-gnu'
OPENJDK_BUILD_BUNDLE_PLATFORM='linux-x64'
OPENJDK_BUILD_CFLAGS_JDKEXE='       -I$(SUPPORT_OUTPUTDIR)/modules_include/java.base       -I$(SUPPORT_OUTPUTDIR)/modules_include/java.base/$(OPENJDK_TARGET_OS_INCLUDE_SUBDIR)       -I/home/elect/IdeaProjects/panama-foreign/src/java.base/share/native/libjava       -I/home/elect/IdeaProjects/panama-foreign/src/java.base/unix/native/libjava       -I/home/elect/IdeaProjects/panama-foreign/src/hotspot/share/include       -I/home/elect/IdeaProjects/panama-foreign/src/hotspot/os/posix/include  -pipe -fstack-protector        -DLIBC=gnu -D_GNU_SOURCE -D_REENTRANT -D_LARGEFILE64_SOURCE -DLINUX -DNDEBUG                 -fmacro-prefix-map=/home/elect/IdeaProjects/panama-foreign/=  -std=c99 -fno-strict-aliasing        -Wall -Wextra -Wformat=2 -Wpointer-arith -Wsign-compare           -Wunused-function -Wundef -Wunused-value -Wreturn-type           -Wtrampolines  -D_LITTLE_ENDIAN -DARCH='\''"amd64"'\''       -Damd64 -D_LP64=1   -fno-omit-frame-pointer -fno-delete-null-pointer-checks -fno-lifetime-dse -fPIE'
OPENJDK_BUILD_CFLAGS_JDKLIB='       -I$(SUPPORT_OUTPUTDIR)/modules_include/java.base       -I$(SUPPORT_OUTPUTDIR)/modules_include/java.base/$(OPENJDK_TARGET_OS_INCLUDE_SUBDIR)       -I/home/elect/IdeaProjects/panama-foreign/src/java.base/share/native/libjava       -I/home/elect/IdeaProjects/panama-foreign/src/java.base/unix/native/libjava       -I/home/elect/IdeaProjects/panama-foreign/src/hotspot/share/include       -I/home/elect/IdeaProjects/panama-foreign/src/hotspot/os/posix/include  -pipe -fstack-protector        -DLIBC=gnu -D_GNU_SOURCE -D_REENTRANT -D_LARGEFILE64_SOURCE -DLINUX -DNDEBUG                 -fmacro-prefix-map=/home/elect/IdeaProjects/panama-foreign/=  -std=c99 -fno-strict-aliasing        -Wall -Wextra -Wformat=2 -Wpointer-arith -Wsign-compare           -Wunused-function -Wundef -Wunused-value -Wreturn-type           -Wtrampolines  -D_LITTLE_ENDIAN -DARCH='\''"amd64"'\''       -Damd64 -D_LP64=1   -fno-omit-frame-pointer -fno-delete-null-pointer-checks -fno-lifetime-dse       -fPIC '
OPENJDK_BUILD_CPU='x86_64'
OPENJDK_BUILD_CPU_ARCH='x86'
OPENJDK_BUILD_CPU_AUTOCONF='x86_64'
OPENJDK_BUILD_CPU_BITS='64'
OPENJDK_BUILD_CPU_ENDIAN='little'
OPENJDK_BUILD_CPU_LEGACY='amd64'
OPENJDK_BUILD_CPU_LEGACY_LIB='amd64'
OPENJDK_BUILD_CPU_OSARCH='amd64'
OPENJDK_BUILD_CXXFLAGS_JDKEXE='       -I$(SUPPORT_OUTPUTDIR)/modules_include/java.base       -I$(SUPPORT_OUTPUTDIR)/modules_include/java.base/$(OPENJDK_TARGET_OS_INCLUDE_SUBDIR)       -I/home/elect/IdeaProjects/panama-foreign/src/java.base/share/native/libjava       -I/home/elect/IdeaProjects/panama-foreign/src/java.base/unix/native/libjava       -I/home/elect/IdeaProjects/panama-foreign/src/hotspot/share/include       -I/home/elect/IdeaProjects/panama-foreign/src/hotspot/os/posix/include  -pipe -fstack-protector        -DLIBC=gnu -D_GNU_SOURCE -D_REENTRANT -D_LARGEFILE64_SOURCE -DLINUX -DNDEBUG                 -fmacro-prefix-map=/home/elect/IdeaProjects/panama-foreign/=          -std=c++14              -Wall -Wextra -Wformat=2 -Wpointer-arith -Wsign-compare           -Wunused-function -Wundef -Wunused-value -Wreturn-type           -Wtrampolines -Woverloaded-virtual -Wreorder  -D_LITTLE_ENDIAN -DARCH='\''"amd64"'\''       -Damd64 -D_LP64=1   -fno-omit-frame-pointer -fno-delete-null-pointer-checks -fno-lifetime-dse -fPIE'
OPENJDK_BUILD_CXXFLAGS_JDKLIB='       -I$(SUPPORT_OUTPUTDIR)/modules_include/java.base       -I$(SUPPORT_OUTPUTDIR)/modules_include/java.base/$(OPENJDK_TARGET_OS_INCLUDE_SUBDIR)       -I/home/elect/IdeaProjects/panama-foreign/src/java.base/share/native/libjava       -I/home/elect/IdeaProjects/panama-foreign/src/java.base/unix/native/libjava       -I/home/elect/IdeaProjects/panama-foreign/src/hotspot/share/include       -I/home/elect/IdeaProjects/panama-foreign/src/hotspot/os/posix/include  -pipe -fstack-protector        -DLIBC=gnu -D_GNU_SOURCE -D_REENTRANT -D_LARGEFILE64_SOURCE -DLINUX -DNDEBUG                 -fmacro-prefix-map=/home/elect/IdeaProjects/panama-foreign/=          -std=c++14              -Wall -Wextra -Wformat=2 -Wpointer-arith -Wsign-compare           -Wunused-function -Wundef -Wunused-value -Wreturn-type           -Wtrampolines -Woverloaded-virtual -Wreorder  -D_LITTLE_ENDIAN -DARCH='\''"amd64"'\''       -Damd64 -D_LP64=1   -fno-omit-frame-pointer -fno-delete-null-pointer-checks -fno-lifetime-dse       -fPIC '
OPENJDK_BUILD_FDLIBM_CFLAGS='-ffp-contract=off'
OPENJDK_BUILD_JDKLIB_LIBS=''
OPENJDK_BUILD_JVM_ASFLAGS=' '
OPENJDK_BUILD_JVM_CFLAGS='-D__STDC_FORMAT_MACROS -D__STDC_LIMIT_MACROS -D__STDC_CONSTANT_MACROS -D_GNU_SOURCE -D_REENTRANT       -pipe -fno-rtti -fno-exceptions         -fvisibility=hidden -fno-strict-aliasing -fno-omit-frame-pointer -fcheck-new -fstack-protector -std=c++14         -DLIBC=gnu  -DLINUX         -Wall -Wextra -Wformat=2 -Wpointer-arith -Wsign-compare           -Wunused-function -Wundef -Wunused-value -Wreturn-type           -Wtrampolines -Woverloaded-virtual -Wreorder -fPIC -fmacro-prefix-map=/home/elect/IdeaProjects/panama-foreign/=        -DVM_LITTLE_ENDIAN -D_LP64=1   -fno-delete-null-pointer-checks -fno-lifetime-dse -Wno-format-zero-length -Wtype-limits -Wuninitialized '
OPENJDK_BUILD_JVM_LDFLAGS='-Wl,-z,defs -Wl,-z,relro -Wl,-z,now -Wl,-z,noexecstack -Wl,-O1                   -Wl,--hash-style=gnu           -static-libstdc++ -static-libgcc'
OPENJDK_BUILD_JVM_LIBS=''
OPENJDK_BUILD_LDFLAGS_JDKEXE='-Wl,-z,defs -Wl,-z,relro -Wl,-z,now -Wl,-z,noexecstack          -Wl,-O1   -Wl,--allow-shlib-undefined -pie         '
OPENJDK_BUILD_LDFLAGS_JDKLIB='-Wl,-z,defs -Wl,-z,relro -Wl,-z,now -Wl,-z,noexecstack          -Wl,-O1         -L$(SUPPORT_OUTPUTDIR)/modules_libs/java.base         -L$(SUPPORT_OUTPUTDIR)/modules_libs/java.base/server -shared        '
OPENJDK_BUILD_LIBC='gnu'
OPENJDK_BUILD_OS='linux'
OPENJDK_BUILD_OS_ENV='linux'
OPENJDK_BUILD_OS_INCLUDE_SUBDIR='linux'
OPENJDK_BUILD_OS_TYPE='unix'
OPENJDK_MODULE_TARGET_PLATFORM='linux-amd64'
OPENJDK_TARGET_ABI='gnu'
OPENJDK_TARGET_AUTOCONF_NAME='x86_64-unknown-linux-gnu'
OPENJDK_TARGET_BUNDLE_PLATFORM='linux-x64'
OPENJDK_TARGET_CPU='x86_64'
OPENJDK_TARGET_CPU_ARCH='x86'
OPENJDK_TARGET_CPU_AUTOCONF='x86_64'
OPENJDK_TARGET_CPU_BITS='64'
OPENJDK_TARGET_CPU_ENDIAN='little'
OPENJDK_TARGET_CPU_LEGACY='amd64'
OPENJDK_TARGET_CPU_LEGACY_LIB='amd64'
OPENJDK_TARGET_CPU_OSARCH='amd64'
OPENJDK_TARGET_LIBC='gnu'
OPENJDK_TARGET_OS='linux'
OPENJDK_TARGET_OS_ENV='linux'
OPENJDK_TARGET_OS_INCLUDE_SUBDIR='linux'
OPENJDK_TARGET_OS_TYPE='unix'
OPENJDK_TARGET_OS_UPPERCASE='LINUX'
ORIGINAL_PATH='/home/elect/miniconda3/condabin:/home/elect/.local/bin:/usr/local/sbin:/usr/local/bin:/usr/sbin:/usr/bin:/sbin:/bin:/usr/games:/usr/local/games:/snap/bin:/snap/bin'
OS_VERSION_MAJOR='5'
OS_VERSION_MICRO='0'
OS_VERSION_MINOR='11'
OTOOL=''
OUTPUTDIR='/home/elect/IdeaProjects/panama-foreign/build/linux-x86_64-server-release'
OUTPUT_SYNC='none'
OUTPUT_SYNC_SUPPORTED='true'
PACKAGE_BUGREPORT='build-dev@openjdk.java.net'
PACKAGE_NAME='OpenJDK'
PACKAGE_STRING='OpenJDK openjdk'
PACKAGE_TARNAME='openjdk'
PACKAGE_URL='http://openjdk.java.net'
PACKAGE_VERSION='openjdk'
PANDOC=''
PANDOC_MARKDOWN_FLAG='markdown'
PATCH='/usr/bin/patch'
PATHTOOL=''
PATH_SEPARATOR=':'
PKGHANDLER='/usr/bin/apt-get'
PKG_CONFIG='/usr/bin/pkg-config'
PNG_CFLAGS=''
PNG_LIBS=''
POTENTIAL_CC='/usr/bin/gcc'
POTENTIAL_CXX='/usr/bin/g++'
PRINTF='printf'
PRODUCT_NAME='OpenJDK'
PRODUCT_SUFFIX='Runtime Environment'
RC=''
RCFLAGS=''
READELF='/usr/bin/readelf'
READLINK='/usr/bin/readlink'
RELEASE_FILE_LIBC='gnu'
RELEASE_FILE_OS_ARCH='x86_64'
RELEASE_FILE_OS_NAME='Linux'
RM='/usr/bin/rm -f'
RMDIR='/usr/bin/rmdir'
SDKROOT=''
SED='/usr/bin/sed'
SETFILE=''
SET_EXECUTABLE_ORIGIN='-Wl,-rpath,\$$ORIGIN$1'
SET_SHARED_LIBRARY_MAPFILE='-Wl,-version-script=$1'
SET_SHARED_LIBRARY_NAME='-Wl,-soname=$1'
SET_SHARED_LIBRARY_ORIGIN='-Wl,-z,origin -Wl,-rpath,\$$ORIGIN$1'
SH='/usr/bin/sh'
SHARED_LIBRARY='lib$1.so'
SHARED_LIBRARY_FLAGS='-shared'
SHARED_LIBRARY_SUFFIX='.so'
SHELL='/usr/bin/bash'
SHIP_DEBUG_SYMBOLS=''
SORT='/usr/bin/sort'
SOURCE_DATE='updated'
SPEC='/home/elect/IdeaProjects/panama-foreign/build/linux-x86_64-server-release/spec.gmk'
STAT='/usr/bin/stat'
STATIC_BUILD='false'
STATIC_LIBRARY='lib$1.a'
STATIC_LIBRARY_SUFFIX='.a'
STATIC_LIBS_CFLAGS='-DSTATIC_BUILD=1 -ffunction-sections -fdata-sections       -DJNIEXPORT='\''__attribute__((visibility("hidden")))'\'' -Xassembler -mrelax-relocations=no'
STRIP='/usr/bin/strip'
STRIPFLAGS='-g'
SYSROOT_CFLAGS=''
SYSROOT_LDFLAGS=''
TAIL='/usr/bin/tail'
TAR='/usr/bin/tar'
TAR_INCLUDE_PARAM='T'
TAR_SUPPORTS_TRANSFORM='true'
TAR_TYPE='gnu'
TEE='/usr/bin/tee'
TEST_JOBS=''
TIME='time'
TOOLCHAIN_PATH=''
TOOLCHAIN_TYPE='gcc'
TOOLCHAIN_VERSION=''
TOPDIR='/home/elect/IdeaProjects/panama-foreign'
TOUCH='/usr/bin/touch'
TR='/usr/bin/tr'
UCRT_DLL_DIR=''
ULIMIT='ulimit'
UNAME='/usr/bin/uname'
UNIQ='/usr/bin/uniq'
UNLIMITED_CRYPTO='true'
UNZIP='/usr/bin/unzip'
USERNAME='elect'
USE_EXTERNAL_HARFBUZZ='false'
USE_EXTERNAL_LCMS='false'
USE_EXTERNAL_LIBGIF='false'
USE_EXTERNAL_LIBJPEG='false'
USE_EXTERNAL_LIBPNG='false'
USE_EXTERNAL_LIBZ='true'
USE_PRECOMPILED_HEADER=''
VALID_JVM_FEATURES=''
VALID_JVM_VARIANTS='server client minimal core zero custom'
VCRUNTIME_1_DLL=''
VENDOR_URL='https://openjdk.java.net/'
VENDOR_URL_BUG='https://bugreport.java.com/bugreport/'
VENDOR_URL_VM_BUG='https://bugreport.java.com/bugreport/crash.jsp'
VENDOR_VERSION_STRING=''
VERSION_BUILD='0'
VERSION_CLASSFILE_MAJOR='61'
VERSION_CLASSFILE_MINOR='0'
VERSION_DATE='2021-09-14'
VERSION_EXTRA1='0'
VERSION_EXTRA2='0'
VERSION_EXTRA3='0'
VERSION_FEATURE='17'
VERSION_INTERIM='0'
VERSION_IS_GA='false'
VERSION_NUMBER='17'
VERSION_NUMBER_FOUR_POSITIONS='17.0.0.0'
VERSION_OPT='adhoc.elect.panama-foreign'
VERSION_PATCH='0'
VERSION_PRE='internal'
VERSION_SHORT='17-internal'
VERSION_STRING='17-internal+0-adhoc.elect.panama-foreign'
VERSION_UPDATE='0'
WARNINGS_AS_ERRORS='true'
WC='/usr/bin/wc'
WINENV_PREFIX=''
WINENV_ROOT=''
WORKSPACE_ROOT='/home/elect/IdeaProjects/panama-foreign'
XARGS='/usr/bin/xargs'
XATTR=''
XCODEBUILD=''
XMKMF=''
X_CFLAGS=''
X_EXTRA_LIBS=''
X_LIBS=''
X_PRE_LIBS=' -lSM -lICE'
ZIPEXE='/usr/bin/zip'
ZIP_EXTERNAL_DEBUG_SYMBOLS='false'
ac_ct_CC=''
ac_ct_CXX=''
bindir='${exec_prefix}/bin'
build='x86_64-unknown-linux-gnu'
build_alias=''
build_cpu='x86_64'
build_os='linux-gnu'
build_vendor='unknown'
datadir='${datarootdir}'
datarootdir='${prefix}/share'
docdir='${datarootdir}/doc/${PACKAGE_TARNAME}'
dvidir='${docdir}'
exec_prefix='NONE'
host='x86_64-unknown-linux-gnu'
host_alias=''
host_cpu='x86_64'
host_os='linux-gnu'
host_vendor='unknown'
htmldir='${docdir}'
includedir='${prefix}/include'
infodir='${datarootdir}/info'
libdir='${exec_prefix}/lib'
libexecdir='${exec_prefix}/libexec'
localedir='${datarootdir}/locale'
localstatedir='${prefix}/var'
mandir='${datarootdir}/man'
oldincludedir='/usr/include'
pdfdir='${docdir}'
prefix='NONE'
program_transform_name='s,x,x,'
psdir='${docdir}'
runstatedir='${localstatedir}/run'
sbindir='${exec_prefix}/sbin'
sharedstatedir='${prefix}/com'
sysconfdir='${prefix}/etc'
target='x86_64-unknown-linux-gnu'
target_alias=''
target_cpu='x86_64'
target_os='linux-gnu'
target_vendor='unknown'

## ----------- ##
## confdefs.h. ##
## ----------- ##

/* confdefs.h */
#define PACKAGE_NAME "OpenJDK"
#define PACKAGE_TARNAME "openjdk"
#define PACKAGE_VERSION "openjdk"
#define PACKAGE_STRING "OpenJDK openjdk"
#define PACKAGE_BUGREPORT "build-dev@openjdk.java.net"
#define PACKAGE_URL "http://openjdk.java.net"
#define STDC_HEADERS 1
#define HAVE_SYS_TYPES_H 1
#define HAVE_SYS_STAT_H 1
#define HAVE_STDLIB_H 1
#define HAVE_STRING_H 1
#define HAVE_MEMORY_H 1
#define HAVE_STRINGS_H 1
#define HAVE_INTTYPES_H 1
#define HAVE_STDINT_H 1
#define HAVE_UNISTD_H 1
#define HAVE_STDIO_H 1
#define SIZEOF_INT_P 8
#define HAVE_X11_EXTENSIONS_SHAPE_H 1
#define HAVE_X11_EXTENSIONS_XRENDER_H 1
#define HAVE_X11_EXTENSIONS_XTEST_H 1
#define HAVE_X11_INTRINSIC_H 1
#define HAVE_X11_EXTENSIONS_XRANDR_H 1
#define HAVE_CUPS_CUPS_H 1
#define HAVE_CUPS_PPD_H 1
#define HAVE_FONTCONFIG_FONTCONFIG_H 1
#define HAVE_LIBM 1
#define HAVE_LIBDL 1

configure: exit 1
